2025-09-20 11:39:29 INFO  o.h.v.i.u.Version - HV000001: Hibernate Validator 8.0.2.Final
2025-09-20 11:39:29 INFO  c.e.R.ResumeGeneratorApplication - Starting ResumeGeneratorApplication using Java 23.0.2 with PID 99197 (/Users/deepakn/Desktop/Java/ResumeGeneratorApplication/clean-repo/target/classes started by deepakn in /Users/deepakn/Desktop/Java/ResumeGeneratorApplication/clean-repo)
2025-09-20 11:39:29 DEBUG c.e.R.ResumeGeneratorApplication - Running with Spring Boot v3.5.3, Spring v6.2.8
2025-09-20 11:39:29 INFO  c.e.R.ResumeGeneratorApplication - No active profile set, falling back to 1 default profile: "default"
2025-09-20 11:39:29 INFO  o.s.b.d.e.DevToolsPropertyDefaultsPostProcessor - Devtools property defaults active! Set 'spring.devtools.add-properties' to 'false' to disable
2025-09-20 11:39:29 INFO  o.s.b.d.e.DevToolsPropertyDefaultsPostProcessor - For additional web related logging consider setting the 'logging.level.web' property to 'DEBUG'
2025-09-20 11:39:29 INFO  o.s.d.r.c.RepositoryConfigurationDelegate - Bootstrapping Spring Data JPA repositories in DEFAULT mode.
2025-09-20 11:39:29 INFO  o.s.d.r.c.RepositoryConfigurationDelegate - Finished Spring Data repository scanning in 25 ms. Found 2 JPA repository interfaces.
2025-09-20 11:39:30 INFO  o.s.b.w.e.t.TomcatWebServer - Tomcat initialized with port 8080 (http)
2025-09-20 11:39:30 INFO  o.a.c.h.Http11NioProtocol - Initializing ProtocolHandler ["http-nio-8080"]
2025-09-20 11:39:30 INFO  o.a.c.c.StandardService - Starting service [Tomcat]
2025-09-20 11:39:30 INFO  o.a.c.c.StandardEngine - Starting Servlet engine: [Apache Tomcat/10.1.42]
2025-09-20 11:39:30 INFO  o.a.c.c.C.[.[.[/] - Initializing Spring embedded WebApplicationContext
2025-09-20 11:39:30 INFO  o.s.b.w.s.c.ServletWebServerApplicationContext - Root WebApplicationContext: initialization completed in 766 ms
2025-09-20 11:39:30 INFO  o.h.j.i.u.LogHelper - HHH000204: Processing PersistenceUnitInfo [name: default]
2025-09-20 11:39:30 INFO  o.h.Version - HHH000412: Hibernate ORM core version 6.6.18.Final
2025-09-20 11:39:30 INFO  o.h.c.i.RegionFactoryInitiator - HHH000026: Second-level cache disabled
2025-09-20 11:39:30 INFO  o.h.e.b.i.EnversServiceImpl - Envers integration enabled? : true
2025-09-20 11:39:30 INFO  o.s.o.j.p.SpringPersistenceUnitInfo - No LoadTimeWeaver setup: ignoring JPA class transformer
2025-09-20 11:39:30 INFO  c.z.h.HikariDataSource - HikariPool-1 - Starting...
2025-09-20 11:39:30 INFO  c.z.h.p.HikariPool - HikariPool-1 - Added connection org.postgresql.jdbc.PgConnection@29d5528e
2025-09-20 11:39:30 INFO  c.z.h.HikariDataSource - HikariPool-1 - Start completed.
2025-09-20 11:39:30 INFO  o.h.o.c.pooling - HHH10001005: Database info:
	Database JDBC URL [Connecting through datasource 'HikariDataSource (HikariPool-1)']
	Database driver: undefined/unknown
	Database version: 17.4
	Autocommit mode: undefined/unknown
	Isolation level: undefined/unknown
	Minimum pool size: undefined/unknown
	Maximum pool size: undefined/unknown
2025-09-20 11:39:30 INFO  o.h.e.t.j.p.i.JtaPlatformInitiator - HHH000489: No JTA platform available (set 'hibernate.transaction.jta.platform' to enable JTA platform integration)
2025-09-20 11:39:31 INFO  o.s.o.j.LocalContainerEntityManagerFactoryBean - Initialized JPA EntityManagerFactory for persistence unit 'default'
2025-09-20 11:39:31 WARN  o.s.b.a.o.j.JpaBaseConfiguration$JpaWebConfiguration - spring.jpa.open-in-view is enabled by default. Therefore, database queries may be performed during view rendering. Explicitly configure spring.jpa.open-in-view to disable this warning
2025-09-20 11:39:31 DEBUG c.e.R.s.JwtAuthFilter$$SpringCGLIB$$0 - Filter 'jwtAuthFilter' configured for use
2025-09-20 11:39:31 INFO  o.s.s.c.a.a.c.InitializeUserDetailsBeanManagerConfigurer$InitializeUserDetailsManagerConfigurer - Global AuthenticationManager configured with UserDetailsService bean with name userServiceImpl
2025-09-20 11:39:31 INFO  o.s.b.a.e.w.EndpointLinksResolver - Exposing 4 endpoints beneath base path '/actuator'
2025-09-20 11:39:31 INFO  o.s.b.d.a.OptionalLiveReloadServer - LiveReload server is running on port 35729
2025-09-20 11:39:31 INFO  o.a.c.h.Http11NioProtocol - Starting ProtocolHandler ["http-nio-8080"]
2025-09-20 11:39:31 INFO  o.s.b.w.e.t.TomcatWebServer - Tomcat started on port 8080 (http) with context path '/'
2025-09-20 11:39:31 INFO  c.e.R.ResumeGeneratorApplication - Started ResumeGeneratorApplication in 2.908 seconds (process running for 3.261)
2025-09-20 11:39:42 INFO  o.a.c.c.C.[.[.[/] - Initializing Spring DispatcherServlet 'dispatcherServlet'
2025-09-20 11:39:42 INFO  o.s.w.s.DispatcherServlet - Initializing Servlet 'dispatcherServlet'
2025-09-20 11:39:42 INFO  o.s.w.s.DispatcherServlet - Completed initialization in 10 ms
2025-09-20 11:39:43 WARN  o.s.w.s.m.m.a.ExceptionHandlerExceptionResolver - Resolved [org.springframework.security.authentication.AuthenticationCredentialsNotFoundException: Authorization header is not found]
2025-09-20 11:39:43 WARN  o.s.w.s.m.m.a.ExceptionHandlerExceptionResolver - Resolved [org.springframework.security.authentication.AuthenticationCredentialsNotFoundException: Authorization header is not found]
2025-09-20 11:40:02 WARN  o.s.w.s.m.m.a.ExceptionHandlerExceptionResolver - Resolved [io.jsonwebtoken.security.SignatureException: JWT signature does not match locally computed signature. JWT validity cannot be asserted and should not be trusted.]
2025-09-20 11:40:22 INFO  c.e.R.c.ResumeController - Fetching resume with ID: 1
2025-09-20 11:40:22 INFO  c.e.R.s.ResumeServiceImpl - Fetching resume with ID: 1
2025-09-20 11:40:50 INFO  c.e.R.c.ResumeController - Fetching resume with ID: 1
2025-09-20 11:40:50 INFO  c.e.R.s.ResumeServiceImpl - Fetching resume with ID: 1
2025-09-20 11:41:00 WARN  o.s.w.s.m.m.a.ExceptionHandlerExceptionResolver - Resolved [org.springframework.security.authentication.AuthenticationCredentialsNotFoundException: Authorization header is not found]
2025-09-20 11:41:19 WARN  o.s.w.s.m.m.a.ExceptionHandlerExceptionResolver - Resolved [io.jsonwebtoken.ExpiredJwtException: JWT expired 12952 milliseconds ago at 2025-09-20T06:11:07.000Z. Current time: 2025-09-20T06:11:19.952Z. Allowed clock skew: 0 milliseconds.]
2025-09-20 11:41:23 WARN  o.s.w.s.m.m.a.ExceptionHandlerExceptionResolver - Resolved [io.jsonwebtoken.ExpiredJwtException: JWT expired 16958 milliseconds ago at 2025-09-20T06:11:07.000Z. Current time: 2025-09-20T06:11:23.958Z. Allowed clock skew: 0 milliseconds.]
2025-09-20 11:41:36 WARN  o.s.w.s.m.m.a.ExceptionHandlerExceptionResolver - Resolved [io.jsonwebtoken.ExpiredJwtException: JWT expired 29112 milliseconds ago at 2025-09-20T06:11:07.000Z. Current time: 2025-09-20T06:11:36.112Z. Allowed clock skew: 0 milliseconds.]
2025-09-20 11:41:48 INFO  c.e.R.c.ResumeController - Fetching all resumes
2025-09-20 11:41:48 INFO  c.e.R.s.ResumeServiceImpl - Fetching all resumes
2025-09-20 11:47:15 WARN  c.z.h.p.HikariPool - HikariPool-1 - Thread starvation or clock leap detected (housekeeper delta=3m14s590ms).
2025-09-20 11:49:52 WARN  c.z.h.p.HikariPool - HikariPool-1 - Thread starvation or clock leap detected (housekeeper delta=2m1s640ms).
2025-09-20 11:52:39 WARN  c.z.h.p.HikariPool - HikariPool-1 - Thread starvation or clock leap detected (housekeeper delta=2m47s44ms).
2025-09-20 11:58:27 WARN  c.z.h.p.HikariPool - HikariPool-1 - Thread starvation or clock leap detected (housekeeper delta=5m47s838ms).
2025-09-20 12:01:29 WARN  c.z.h.p.HikariPool - HikariPool-1 - Thread starvation or clock leap detected (housekeeper delta=3m2s597ms).
2025-09-20 12:07:16 WARN  c.z.h.p.HikariPool - HikariPool-1 - Thread starvation or clock leap detected (housekeeper delta=5m46s672ms).
2025-09-20 12:09:15 WARN  c.z.h.p.HikariPool - HikariPool-1 - Thread starvation or clock leap detected (housekeeper delta=1m59s75ms).
2025-09-20 12:11:14 WARN  c.z.h.p.HikariPool - HikariPool-1 - Thread starvation or clock leap detected (housekeeper delta=1m59s214ms).
2025-09-20 12:15:43 WARN  c.z.h.p.HikariPool - HikariPool-1 - Thread starvation or clock leap detected (housekeeper delta=4m28s877ms).
2025-09-20 12:18:23 WARN  c.z.h.p.HikariPool - HikariPool-1 - Thread starvation or clock leap detected (housekeeper delta=2m39s608ms).
2025-09-20 12:27:17 WARN  c.z.h.p.HikariPool - HikariPool-1 - Thread starvation or clock leap detected (housekeeper delta=8m54s404ms).
2025-09-20 12:58:09 WARN  c.z.h.p.HikariPool - HikariPool-1 - Thread starvation or clock leap detected (housekeeper delta=30m51s634ms).
2025-09-20 14:20:41 WARN  c.z.h.p.HikariPool - HikariPool-1 - Thread starvation or clock leap detected (housekeeper delta=1h22m31s575ms).
2025-09-20 14:37:03 WARN  c.z.h.p.HikariPool - HikariPool-1 - Thread starvation or clock leap detected (housekeeper delta=16m22s709ms).
2025-09-20 14:44:40 WARN  c.z.h.p.HikariPool - HikariPool-1 - Thread starvation or clock leap detected (housekeeper delta=7m36s292ms).
2025-09-20 14:45:29 WARN  c.z.h.p.HikariPool - HikariPool-1 - Thread starvation or clock leap detected (housekeeper delta=49s926ms).
2025-09-20 14:51:12 WARN  c.z.h.p.HikariPool - HikariPool-1 - Thread starvation or clock leap detected (housekeeper delta=5m42s715ms).
2025-09-20 14:52:27 WARN  c.z.h.p.HikariPool - HikariPool-1 - Thread starvation or clock leap detected (housekeeper delta=1m14s390ms).
2025-09-20 14:55:20 WARN  c.z.h.p.HikariPool - HikariPool-1 - Thread starvation or clock leap detected (housekeeper delta=2m53s756ms).
2025-09-20 14:56:25 WARN  c.z.h.p.HikariPool - HikariPool-1 - Thread starvation or clock leap detected (housekeeper delta=1m4s956ms).
2025-09-20 14:58:14 INFO  o.s.b.w.e.t.GracefulShutdown - Commencing graceful shutdown. Waiting for active requests to complete
2025-09-20 14:58:16 INFO  o.s.b.w.e.t.GracefulShutdown - Graceful shutdown complete
2025-09-20 14:58:16 INFO  o.s.o.j.LocalContainerEntityManagerFactoryBean - Closing JPA EntityManagerFactory for persistence unit 'default'
2025-09-20 14:58:16 INFO  c.z.h.HikariDataSource - HikariPool-1 - Shutdown initiated...
2025-09-20 14:58:16 INFO  c.z.h.HikariDataSource - HikariPool-1 - Shutdown completed.
