2025-08-05 23:56:13 INFO  o.h.v.i.u.Version - HV000001: Hibernate Validator 8.0.2.Final
2025-08-05 23:56:13 INFO  c.e.R.ResumeGeneratorApplication - Starting ResumeGeneratorApplication using Java 23.0.2 with PID 2410 (/Users/deepakn/Desktop/Java/ResumeGeneratorApplication/target/classes started by deepakn in /Users/deepakn/Desktop/Java/ResumeGeneratorApplication)
2025-08-05 23:56:13 DEBUG c.e.R.ResumeGeneratorApplication - Running with Spring Boot v3.5.3, Spring v6.2.8
2025-08-05 23:56:13 INFO  c.e.R.ResumeGeneratorApplication - No active profile set, falling back to 1 default profile: "default"
2025-08-05 23:56:13 INFO  o.s.b.d.e.DevToolsPropertyDefaultsPostProcessor - Devtools property defaults active! Set 'spring.devtools.add-properties' to 'false' to disable
2025-08-05 23:56:13 INFO  o.s.b.d.e.DevToolsPropertyDefaultsPostProcessor - For additional web related logging consider setting the 'logging.level.web' property to 'DEBUG'
2025-08-05 23:56:13 INFO  o.s.d.r.c.RepositoryConfigurationDelegate - Bootstrapping Spring Data JPA repositories in DEFAULT mode.
2025-08-05 23:56:13 INFO  o.s.d.r.c.RepositoryConfigurationDelegate - Finished Spring Data repository scanning in 16 ms. Found 2 JPA repository interfaces.
2025-08-05 23:56:13 INFO  o.s.b.w.e.t.TomcatWebServer - Tomcat initialized with port 8080 (http)
2025-08-05 23:56:13 INFO  o.a.c.h.Http11NioProtocol - Initializing ProtocolHandler ["http-nio-8080"]
2025-08-05 23:56:13 INFO  o.a.c.c.StandardService - Starting service [Tomcat]
2025-08-05 23:56:13 INFO  o.a.c.c.StandardEngine - Starting Servlet engine: [Apache Tomcat/10.1.42]
2025-08-05 23:56:13 INFO  o.a.c.c.C.[.[.[/] - Initializing Spring embedded WebApplicationContext
2025-08-05 23:56:13 INFO  o.s.b.w.s.c.ServletWebServerApplicationContext - Root WebApplicationContext: initialization completed in 743 ms
2025-08-05 23:56:14 INFO  o.h.j.i.u.LogHelper - HHH000204: Processing PersistenceUnitInfo [name: default]
2025-08-05 23:56:14 INFO  o.h.Version - HHH000412: Hibernate ORM core version 6.6.18.Final
2025-08-05 23:56:14 INFO  o.h.c.i.RegionFactoryInitiator - HHH000026: Second-level cache disabled
2025-08-05 23:56:14 INFO  o.h.e.b.i.EnversServiceImpl - Envers integration enabled? : true
2025-08-05 23:56:14 INFO  o.s.o.j.p.SpringPersistenceUnitInfo - No LoadTimeWeaver setup: ignoring JPA class transformer
2025-08-05 23:56:14 INFO  c.z.h.HikariDataSource - HikariPool-1 - Starting...
2025-08-05 23:56:14 INFO  c.z.h.p.HikariPool - HikariPool-1 - Added connection org.postgresql.jdbc.PgConnection@122ea04b
2025-08-05 23:56:14 INFO  c.z.h.HikariDataSource - HikariPool-1 - Start completed.
2025-08-05 23:56:14 INFO  o.h.o.c.pooling - HHH10001005: Database info:
	Database JDBC URL [Connecting through datasource 'HikariDataSource (HikariPool-1)']
	Database driver: undefined/unknown
	Database version: 17.4
	Autocommit mode: undefined/unknown
	Isolation level: undefined/unknown
	Minimum pool size: undefined/unknown
	Maximum pool size: undefined/unknown
2025-08-05 23:56:14 INFO  o.h.e.t.j.p.i.JtaPlatformInitiator - HHH000489: No JTA platform available (set 'hibernate.transaction.jta.platform' to enable JTA platform integration)
2025-08-05 23:56:14 WARN  o.h.e.j.s.SqlExceptionHelper - SQL Warning Code: 0, SQLState: 00000
2025-08-05 23:56:14 WARN  o.h.e.j.s.SqlExceptionHelper - constraint "uk1j9d9a06i600gd43uu3km82jw" of relation "app_user" does not exist, skipping
2025-08-05 23:56:14 INFO  o.s.o.j.LocalContainerEntityManagerFactoryBean - Initialized JPA EntityManagerFactory for persistence unit 'default'
2025-08-05 23:56:15 WARN  o.s.b.a.o.j.JpaBaseConfiguration$JpaWebConfiguration - spring.jpa.open-in-view is enabled by default. Therefore, database queries may be performed during view rendering. Explicitly configure spring.jpa.open-in-view to disable this warning
2025-08-05 23:56:15 DEBUG c.e.R.s.JwtAuthFilter$$SpringCGLIB$$0 - Filter 'jwtAuthFilter' configured for use
2025-08-05 23:56:15 WARN  o.s.b.w.s.c.AnnotationConfigServletWebServerApplicationContext - Exception encountered during context initialization - cancelling refresh attempt: org.springframework.beans.factory.UnsatisfiedDependencyException: Error creating bean with name 'authController' defined in file [/Users/deepakn/Desktop/Java/ResumeGeneratorApplication/target/classes/com/example/ResumeGeneratorApplication/controller/AuthController.class]: Unsatisfied dependency expressed through constructor parameter 0: Error creating bean with name 'authService' defined in file [/Users/deepakn/Desktop/Java/ResumeGeneratorApplication/target/classes/com/example/ResumeGeneratorApplication/security/AuthService.class]: Unsatisfied dependency expressed through constructor parameter 3: No qualifying bean of type 'org.springframework.security.authentication.AuthenticationManager' available: expected at least 1 bean which qualifies as autowire candidate. Dependency annotations: {}
2025-08-05 23:56:15 INFO  o.s.o.j.LocalContainerEntityManagerFactoryBean - Closing JPA EntityManagerFactory for persistence unit 'default'
2025-08-05 23:56:15 INFO  c.z.h.HikariDataSource - HikariPool-1 - Shutdown initiated...
2025-08-05 23:56:15 INFO  c.z.h.HikariDataSource - HikariPool-1 - Shutdown completed.
2025-08-05 23:56:15 INFO  o.a.c.c.StandardService - Stopping service [Tomcat]
2025-08-05 23:56:15 INFO  o.s.b.a.l.ConditionEvaluationReportLogger - 

Error starting ApplicationContext. To display the condition evaluation report re-run your application with 'debug' enabled.
2025-08-05 23:56:15 ERROR o.s.b.d.LoggingFailureAnalysisReporter - 

***************************
APPLICATION FAILED TO START
***************************

Description:

Parameter 3 of constructor in com.example.ResumeGeneratorApplication.security.AuthService required a bean of type 'org.springframework.security.authentication.AuthenticationManager' that could not be found.


Action:

Consider defining a bean of type 'org.springframework.security.authentication.AuthenticationManager' in your configuration.

2025-08-05 23:58:38 INFO  o.h.v.i.u.Version - HV000001: Hibernate Validator 8.0.2.Final
2025-08-05 23:58:38 INFO  c.e.R.ResumeGeneratorApplication - Starting ResumeGeneratorApplication using Java 23.0.2 with PID 2468 (/Users/deepakn/Desktop/Java/ResumeGeneratorApplication/target/classes started by deepakn in /Users/deepakn/Desktop/Java/ResumeGeneratorApplication)
2025-08-05 23:58:38 DEBUG c.e.R.ResumeGeneratorApplication - Running with Spring Boot v3.5.3, Spring v6.2.8
2025-08-05 23:58:38 INFO  c.e.R.ResumeGeneratorApplication - No active profile set, falling back to 1 default profile: "default"
2025-08-05 23:58:38 INFO  o.s.b.d.e.DevToolsPropertyDefaultsPostProcessor - Devtools property defaults active! Set 'spring.devtools.add-properties' to 'false' to disable
2025-08-05 23:58:38 INFO  o.s.b.d.e.DevToolsPropertyDefaultsPostProcessor - For additional web related logging consider setting the 'logging.level.web' property to 'DEBUG'
2025-08-05 23:58:39 INFO  o.s.d.r.c.RepositoryConfigurationDelegate - Bootstrapping Spring Data JPA repositories in DEFAULT mode.
2025-08-05 23:58:39 INFO  o.s.d.r.c.RepositoryConfigurationDelegate - Finished Spring Data repository scanning in 15 ms. Found 2 JPA repository interfaces.
2025-08-05 23:58:39 INFO  o.s.b.w.e.t.TomcatWebServer - Tomcat initialized with port 8080 (http)
2025-08-05 23:58:39 INFO  o.a.c.h.Http11NioProtocol - Initializing ProtocolHandler ["http-nio-8080"]
2025-08-05 23:58:39 INFO  o.a.c.c.StandardService - Starting service [Tomcat]
2025-08-05 23:58:39 INFO  o.a.c.c.StandardEngine - Starting Servlet engine: [Apache Tomcat/10.1.42]
2025-08-05 23:58:39 INFO  o.a.c.c.C.[.[.[/] - Initializing Spring embedded WebApplicationContext
2025-08-05 23:58:39 INFO  o.s.b.w.s.c.ServletWebServerApplicationContext - Root WebApplicationContext: initialization completed in 720 ms
2025-08-05 23:58:39 INFO  o.h.j.i.u.LogHelper - HHH000204: Processing PersistenceUnitInfo [name: default]
2025-08-05 23:58:39 INFO  o.h.Version - HHH000412: Hibernate ORM core version 6.6.18.Final
2025-08-05 23:58:39 INFO  o.h.c.i.RegionFactoryInitiator - HHH000026: Second-level cache disabled
2025-08-05 23:58:39 INFO  o.h.e.b.i.EnversServiceImpl - Envers integration enabled? : true
2025-08-05 23:58:39 INFO  o.s.o.j.p.SpringPersistenceUnitInfo - No LoadTimeWeaver setup: ignoring JPA class transformer
2025-08-05 23:58:39 INFO  c.z.h.HikariDataSource - HikariPool-1 - Starting...
2025-08-05 23:58:39 INFO  c.z.h.p.HikariPool - HikariPool-1 - Added connection org.postgresql.jdbc.PgConnection@5dba00b8
2025-08-05 23:58:39 INFO  c.z.h.HikariDataSource - HikariPool-1 - Start completed.
2025-08-05 23:58:39 INFO  o.h.o.c.pooling - HHH10001005: Database info:
	Database JDBC URL [Connecting through datasource 'HikariDataSource (HikariPool-1)']
	Database driver: undefined/unknown
	Database version: 17.4
	Autocommit mode: undefined/unknown
	Isolation level: undefined/unknown
	Minimum pool size: undefined/unknown
	Maximum pool size: undefined/unknown
2025-08-05 23:58:39 INFO  o.h.e.t.j.p.i.JtaPlatformInitiator - HHH000489: No JTA platform available (set 'hibernate.transaction.jta.platform' to enable JTA platform integration)
2025-08-05 23:58:40 INFO  o.s.o.j.LocalContainerEntityManagerFactoryBean - Initialized JPA EntityManagerFactory for persistence unit 'default'
2025-08-05 23:58:40 WARN  o.s.b.a.o.j.JpaBaseConfiguration$JpaWebConfiguration - spring.jpa.open-in-view is enabled by default. Therefore, database queries may be performed during view rendering. Explicitly configure spring.jpa.open-in-view to disable this warning
2025-08-05 23:58:40 DEBUG c.e.R.s.JwtAuthFilter$$SpringCGLIB$$0 - Filter 'jwtAuthFilter' configured for use
2025-08-05 23:58:40 INFO  o.s.s.c.a.a.c.InitializeUserDetailsBeanManagerConfigurer$InitializeUserDetailsManagerConfigurer - Global AuthenticationManager configured with UserDetailsService bean with name userServiceImpl
2025-08-05 23:58:40 INFO  o.s.b.a.e.w.EndpointLinksResolver - Exposing 4 endpoints beneath base path '/actuator'
2025-08-05 23:58:40 INFO  o.s.b.d.a.OptionalLiveReloadServer - LiveReload server is running on port 35729
2025-08-05 23:58:40 INFO  o.a.c.h.Http11NioProtocol - Starting ProtocolHandler ["http-nio-8080"]
2025-08-05 23:58:40 INFO  o.s.b.w.e.t.TomcatWebServer - Tomcat started on port 8080 (http) with context path '/'
2025-08-05 23:58:40 INFO  c.e.R.ResumeGeneratorApplication - Started ResumeGeneratorApplication in 2.235 seconds (process running for 2.41)
2025-08-05 23:58:54 INFO  o.a.c.c.C.[.[.[/] - Initializing Spring DispatcherServlet 'dispatcherServlet'
2025-08-05 23:58:54 INFO  o.s.w.s.DispatcherServlet - Initializing Servlet 'dispatcherServlet'
2025-08-05 23:58:54 INFO  o.s.w.s.DispatcherServlet - Completed initialization in 1 ms
