2025-08-06 00:19:15 INFO  o.s.b.w.e.t.GracefulShutdown - Commencing graceful shutdown. Waiting for active requests to complete
2025-08-06 00:19:15 INFO  o.s.b.w.e.t.GracefulShutdown - Graceful shutdown complete
2025-08-06 00:19:15 INFO  o.s.o.j.LocalContainerEntityManagerFactoryBean - Closing JPA EntityManagerFactory for persistence unit 'default'
2025-08-06 00:19:15 INFO  c.z.h.HikariDataSource - HikariPool-1 - Shutdown initiated...
2025-08-06 00:19:15 INFO  c.z.h.HikariDataSource - HikariPool-1 - Shutdown completed.
2025-08-06 00:19:17 INFO  o.h.v.i.u.Version - HV000001: Hibernate Validator 8.0.2.Final
2025-08-06 00:19:17 INFO  c.e.R.ResumeGeneratorApplication - Starting ResumeGeneratorApplication using Java 23.0.2 with PID 2771 (/Users/deepakn/Desktop/Java/ResumeGeneratorApplication/target/classes started by deepakn in /Users/deepakn/Desktop/Java/ResumeGeneratorApplication)
2025-08-06 00:19:17 DEBUG c.e.R.ResumeGeneratorApplication - Running with Spring Boot v3.5.3, Spring v6.2.8
2025-08-06 00:19:17 INFO  c.e.R.ResumeGeneratorApplication - No active profile set, falling back to 1 default profile: "default"
2025-08-06 00:19:17 INFO  o.s.b.d.e.DevToolsPropertyDefaultsPostProcessor - Devtools property defaults active! Set 'spring.devtools.add-properties' to 'false' to disable
2025-08-06 00:19:17 INFO  o.s.b.d.e.DevToolsPropertyDefaultsPostProcessor - For additional web related logging consider setting the 'logging.level.web' property to 'DEBUG'
2025-08-06 00:19:17 INFO  o.s.d.r.c.RepositoryConfigurationDelegate - Bootstrapping Spring Data JPA repositories in DEFAULT mode.
2025-08-06 00:19:17 INFO  o.s.d.r.c.RepositoryConfigurationDelegate - Finished Spring Data repository scanning in 15 ms. Found 2 JPA repository interfaces.
2025-08-06 00:19:17 INFO  o.s.b.w.e.t.TomcatWebServer - Tomcat initialized with port 8080 (http)
2025-08-06 00:19:17 INFO  o.a.c.h.Http11NioProtocol - Initializing ProtocolHandler ["http-nio-8080"]
2025-08-06 00:19:17 INFO  o.a.c.c.StandardService - Starting service [Tomcat]
2025-08-06 00:19:17 INFO  o.a.c.c.StandardEngine - Starting Servlet engine: [Apache Tomcat/10.1.42]
2025-08-06 00:19:18 INFO  o.a.c.c.C.[.[.[/] - Initializing Spring embedded WebApplicationContext
2025-08-06 00:19:18 INFO  o.s.b.w.s.c.ServletWebServerApplicationContext - Root WebApplicationContext: initialization completed in 789 ms
2025-08-06 00:19:18 INFO  o.h.j.i.u.LogHelper - HHH000204: Processing PersistenceUnitInfo [name: default]
2025-08-06 00:19:18 INFO  o.h.Version - HHH000412: Hibernate ORM core version 6.6.18.Final
2025-08-06 00:19:18 INFO  o.h.c.i.RegionFactoryInitiator - HHH000026: Second-level cache disabled
2025-08-06 00:19:18 INFO  o.h.e.b.i.EnversServiceImpl - Envers integration enabled? : true
2025-08-06 00:19:18 INFO  o.s.o.j.p.SpringPersistenceUnitInfo - No LoadTimeWeaver setup: ignoring JPA class transformer
2025-08-06 00:19:18 INFO  c.z.h.HikariDataSource - HikariPool-1 - Starting...
2025-08-06 00:19:18 INFO  c.z.h.p.HikariPool - HikariPool-1 - Added connection org.postgresql.jdbc.PgConnection@30b4e498
2025-08-06 00:19:18 INFO  c.z.h.HikariDataSource - HikariPool-1 - Start completed.
2025-08-06 00:19:18 INFO  o.h.o.c.pooling - HHH10001005: Database info:
	Database JDBC URL [Connecting through datasource 'HikariDataSource (HikariPool-1)']
	Database driver: undefined/unknown
	Database version: 17.4
	Autocommit mode: undefined/unknown
	Isolation level: undefined/unknown
	Minimum pool size: undefined/unknown
	Maximum pool size: undefined/unknown
2025-08-06 00:19:18 INFO  o.h.e.t.j.p.i.JtaPlatformInitiator - HHH000489: No JTA platform available (set 'hibernate.transaction.jta.platform' to enable JTA platform integration)
2025-08-06 00:19:18 INFO  o.s.o.j.LocalContainerEntityManagerFactoryBean - Initialized JPA EntityManagerFactory for persistence unit 'default'
2025-08-06 00:19:18 WARN  o.s.b.a.o.j.JpaBaseConfiguration$JpaWebConfiguration - spring.jpa.open-in-view is enabled by default. Therefore, database queries may be performed during view rendering. Explicitly configure spring.jpa.open-in-view to disable this warning
2025-08-06 00:19:18 DEBUG c.e.R.s.JwtAuthFilter$$SpringCGLIB$$0 - Filter 'jwtAuthFilter' configured for use
2025-08-06 00:19:19 INFO  o.s.s.c.a.a.c.InitializeUserDetailsBeanManagerConfigurer$InitializeUserDetailsManagerConfigurer - Global AuthenticationManager configured with UserDetailsService bean with name userServiceImpl
2025-08-06 00:19:19 INFO  o.s.b.a.e.w.EndpointLinksResolver - Exposing 4 endpoints beneath base path '/actuator'
2025-08-06 00:19:19 INFO  o.s.b.d.a.OptionalLiveReloadServer - LiveReload server is running on port 35729
2025-08-06 00:19:19 INFO  o.a.c.h.Http11NioProtocol - Starting ProtocolHandler ["http-nio-8080"]
2025-08-06 00:19:19 INFO  o.s.b.w.e.t.TomcatWebServer - Tomcat started on port 8080 (http) with context path '/'
2025-08-06 00:19:19 INFO  c.e.R.ResumeGeneratorApplication - Started ResumeGeneratorApplication in 2.336 seconds (process running for 2.608)
2025-08-06 00:21:20 INFO  o.a.c.c.C.[.[.[/] - Initializing Spring DispatcherServlet 'dispatcherServlet'
2025-08-06 00:21:20 INFO  o.s.w.s.DispatcherServlet - Initializing Servlet 'dispatcherServlet'
2025-08-06 00:21:20 INFO  o.s.w.s.DispatcherServlet - Completed initialization in 1 ms
2025-08-06 00:21:28 INFO  o.s.b.w.e.t.GracefulShutdown - Commencing graceful shutdown. Waiting for active requests to complete
2025-08-06 00:21:28 INFO  o.s.b.w.e.t.GracefulShutdown - Graceful shutdown complete
2025-08-06 00:21:28 INFO  o.s.o.j.LocalContainerEntityManagerFactoryBean - Closing JPA EntityManagerFactory for persistence unit 'default'
2025-08-06 00:21:28 INFO  c.z.h.HikariDataSource - HikariPool-1 - Shutdown initiated...
2025-08-06 00:21:28 INFO  c.z.h.HikariDataSource - HikariPool-1 - Shutdown completed.
2025-08-06 00:25:14 INFO  o.h.v.i.u.Version - HV000001: Hibernate Validator 8.0.2.Final
2025-08-06 00:25:14 INFO  c.e.R.ResumeGeneratorApplication - Starting ResumeGeneratorApplication using Java 23.0.2 with PID 2900 (/Users/deepakn/Desktop/Java/ResumeGeneratorApplication/target/classes started by deepakn in /Users/deepakn/Desktop/Java/ResumeGeneratorApplication)
2025-08-06 00:25:14 DEBUG c.e.R.ResumeGeneratorApplication - Running with Spring Boot v3.5.3, Spring v6.2.8
2025-08-06 00:25:14 INFO  c.e.R.ResumeGeneratorApplication - No active profile set, falling back to 1 default profile: "default"
2025-08-06 00:25:14 INFO  o.s.b.d.e.DevToolsPropertyDefaultsPostProcessor - Devtools property defaults active! Set 'spring.devtools.add-properties' to 'false' to disable
2025-08-06 00:25:14 INFO  o.s.b.d.e.DevToolsPropertyDefaultsPostProcessor - For additional web related logging consider setting the 'logging.level.web' property to 'DEBUG'
2025-08-06 00:25:15 INFO  o.s.d.r.c.RepositoryConfigurationDelegate - Bootstrapping Spring Data JPA repositories in DEFAULT mode.
2025-08-06 00:25:15 INFO  o.s.d.r.c.RepositoryConfigurationDelegate - Finished Spring Data repository scanning in 16 ms. Found 2 JPA repository interfaces.
2025-08-06 00:25:15 INFO  o.s.b.w.e.t.TomcatWebServer - Tomcat initialized with port 8080 (http)
2025-08-06 00:25:15 INFO  o.a.c.h.Http11NioProtocol - Initializing ProtocolHandler ["http-nio-8080"]
2025-08-06 00:25:15 INFO  o.a.c.c.StandardService - Starting service [Tomcat]
2025-08-06 00:25:15 INFO  o.a.c.c.StandardEngine - Starting Servlet engine: [Apache Tomcat/10.1.42]
2025-08-06 00:25:15 INFO  o.a.c.c.C.[.[.[/] - Initializing Spring embedded WebApplicationContext
2025-08-06 00:25:15 INFO  o.s.b.w.s.c.ServletWebServerApplicationContext - Root WebApplicationContext: initialization completed in 764 ms
2025-08-06 00:25:15 INFO  o.h.j.i.u.LogHelper - HHH000204: Processing PersistenceUnitInfo [name: default]
2025-08-06 00:25:15 INFO  o.h.Version - HHH000412: Hibernate ORM core version 6.6.18.Final
2025-08-06 00:25:15 INFO  o.h.c.i.RegionFactoryInitiator - HHH000026: Second-level cache disabled
2025-08-06 00:25:15 INFO  o.h.e.b.i.EnversServiceImpl - Envers integration enabled? : true
2025-08-06 00:25:15 INFO  o.s.o.j.p.SpringPersistenceUnitInfo - No LoadTimeWeaver setup: ignoring JPA class transformer
2025-08-06 00:25:15 INFO  c.z.h.HikariDataSource - HikariPool-1 - Starting...
2025-08-06 00:25:15 INFO  c.z.h.p.HikariPool - HikariPool-1 - Added connection org.postgresql.jdbc.PgConnection@5dba00b8
2025-08-06 00:25:15 INFO  c.z.h.HikariDataSource - HikariPool-1 - Start completed.
2025-08-06 00:25:15 INFO  o.h.o.c.pooling - HHH10001005: Database info:
	Database JDBC URL [Connecting through datasource 'HikariDataSource (HikariPool-1)']
	Database driver: undefined/unknown
	Database version: 17.4
	Autocommit mode: undefined/unknown
	Isolation level: undefined/unknown
	Minimum pool size: undefined/unknown
	Maximum pool size: undefined/unknown
2025-08-06 00:25:16 INFO  o.h.e.t.j.p.i.JtaPlatformInitiator - HHH000489: No JTA platform available (set 'hibernate.transaction.jta.platform' to enable JTA platform integration)
2025-08-06 00:25:16 INFO  o.s.o.j.LocalContainerEntityManagerFactoryBean - Initialized JPA EntityManagerFactory for persistence unit 'default'
2025-08-06 00:25:16 WARN  o.s.b.a.o.j.JpaBaseConfiguration$JpaWebConfiguration - spring.jpa.open-in-view is enabled by default. Therefore, database queries may be performed during view rendering. Explicitly configure spring.jpa.open-in-view to disable this warning
2025-08-06 00:25:16 DEBUG c.e.R.s.JwtAuthFilter$$SpringCGLIB$$0 - Filter 'jwtAuthFilter' configured for use
2025-08-06 00:25:16 INFO  o.s.s.c.a.a.c.InitializeUserDetailsBeanManagerConfigurer$InitializeUserDetailsManagerConfigurer - Global AuthenticationManager configured with UserDetailsService bean with name userServiceImpl
2025-08-06 00:25:16 INFO  o.s.b.a.e.w.EndpointLinksResolver - Exposing 4 endpoints beneath base path '/actuator'
2025-08-06 00:25:16 INFO  o.s.b.d.a.OptionalLiveReloadServer - LiveReload server is running on port 35729
2025-08-06 00:25:16 INFO  o.a.c.h.Http11NioProtocol - Starting ProtocolHandler ["http-nio-8080"]
2025-08-06 00:25:16 INFO  o.s.b.w.e.t.TomcatWebServer - Tomcat started on port 8080 (http) with context path '/'
2025-08-06 00:25:16 INFO  c.e.R.ResumeGeneratorApplication - Started ResumeGeneratorApplication in 2.322 seconds (process running for 2.511)
2025-08-06 00:26:10 INFO  o.a.c.c.C.[.[.[/] - Initializing Spring DispatcherServlet 'dispatcherServlet'
2025-08-06 00:26:10 INFO  o.s.w.s.DispatcherServlet - Initializing Servlet 'dispatcherServlet'
2025-08-06 00:26:10 INFO  o.s.w.s.DispatcherServlet - Completed initialization in 0 ms
2025-08-06 00:28:58 INFO  o.s.b.w.e.t.GracefulShutdown - Commencing graceful shutdown. Waiting for active requests to complete
2025-08-06 00:28:58 INFO  o.s.b.w.e.t.GracefulShutdown - Graceful shutdown complete
2025-08-06 00:28:58 INFO  o.s.o.j.LocalContainerEntityManagerFactoryBean - Closing JPA EntityManagerFactory for persistence unit 'default'
2025-08-06 00:28:58 INFO  c.z.h.HikariDataSource - HikariPool-1 - Shutdown initiated...
2025-08-06 00:28:58 INFO  c.z.h.HikariDataSource - HikariPool-1 - Shutdown completed.
2025-08-06 00:29:00 INFO  o.h.v.i.u.Version - HV000001: Hibernate Validator 8.0.2.Final
2025-08-06 00:29:00 INFO  c.e.R.ResumeGeneratorApplication - Starting ResumeGeneratorApplication using Java 23.0.2 with PID 2979 (/Users/deepakn/Desktop/Java/ResumeGeneratorApplication/target/classes started by deepakn in /Users/deepakn/Desktop/Java/ResumeGeneratorApplication)
2025-08-06 00:29:00 DEBUG c.e.R.ResumeGeneratorApplication - Running with Spring Boot v3.5.3, Spring v6.2.8
2025-08-06 00:29:00 INFO  c.e.R.ResumeGeneratorApplication - No active profile set, falling back to 1 default profile: "default"
2025-08-06 00:29:00 INFO  o.s.b.d.e.DevToolsPropertyDefaultsPostProcessor - Devtools property defaults active! Set 'spring.devtools.add-properties' to 'false' to disable
2025-08-06 00:29:00 INFO  o.s.b.d.e.DevToolsPropertyDefaultsPostProcessor - For additional web related logging consider setting the 'logging.level.web' property to 'DEBUG'
2025-08-06 00:29:00 INFO  o.s.d.r.c.RepositoryConfigurationDelegate - Bootstrapping Spring Data JPA repositories in DEFAULT mode.
2025-08-06 00:29:00 INFO  o.s.d.r.c.RepositoryConfigurationDelegate - Finished Spring Data repository scanning in 20 ms. Found 2 JPA repository interfaces.
2025-08-06 00:29:01 INFO  o.s.b.w.e.t.TomcatWebServer - Tomcat initialized with port 8080 (http)
2025-08-06 00:29:01 INFO  o.a.c.h.Http11NioProtocol - Initializing ProtocolHandler ["http-nio-8080"]
2025-08-06 00:29:01 INFO  o.a.c.c.StandardService - Starting service [Tomcat]
2025-08-06 00:29:01 INFO  o.a.c.c.StandardEngine - Starting Servlet engine: [Apache Tomcat/10.1.42]
2025-08-06 00:29:01 INFO  o.a.c.c.C.[.[.[/] - Initializing Spring embedded WebApplicationContext
2025-08-06 00:29:01 INFO  o.s.b.w.s.c.ServletWebServerApplicationContext - Root WebApplicationContext: initialization completed in 877 ms
2025-08-06 00:29:01 INFO  o.h.j.i.u.LogHelper - HHH000204: Processing PersistenceUnitInfo [name: default]
2025-08-06 00:29:01 INFO  o.h.Version - HHH000412: Hibernate ORM core version 6.6.18.Final
2025-08-06 00:29:01 INFO  o.h.c.i.RegionFactoryInitiator - HHH000026: Second-level cache disabled
2025-08-06 00:29:01 INFO  o.h.e.b.i.EnversServiceImpl - Envers integration enabled? : true
2025-08-06 00:29:01 INFO  o.s.o.j.p.SpringPersistenceUnitInfo - No LoadTimeWeaver setup: ignoring JPA class transformer
2025-08-06 00:29:01 INFO  c.z.h.HikariDataSource - HikariPool-1 - Starting...
2025-08-06 00:29:01 INFO  c.z.h.p.HikariPool - HikariPool-1 - Added connection org.postgresql.jdbc.PgConnection@163feaca
2025-08-06 00:29:01 INFO  c.z.h.HikariDataSource - HikariPool-1 - Start completed.
2025-08-06 00:29:01 INFO  o.h.o.c.pooling - HHH10001005: Database info:
	Database JDBC URL [Connecting through datasource 'HikariDataSource (HikariPool-1)']
	Database driver: undefined/unknown
	Database version: 17.4
	Autocommit mode: undefined/unknown
	Isolation level: undefined/unknown
	Minimum pool size: undefined/unknown
	Maximum pool size: undefined/unknown
2025-08-06 00:29:01 INFO  o.h.e.t.j.p.i.JtaPlatformInitiator - HHH000489: No JTA platform available (set 'hibernate.transaction.jta.platform' to enable JTA platform integration)
2025-08-06 00:29:02 INFO  o.s.o.j.LocalContainerEntityManagerFactoryBean - Initialized JPA EntityManagerFactory for persistence unit 'default'
2025-08-06 00:29:02 WARN  o.s.b.a.o.j.JpaBaseConfiguration$JpaWebConfiguration - spring.jpa.open-in-view is enabled by default. Therefore, database queries may be performed during view rendering. Explicitly configure spring.jpa.open-in-view to disable this warning
2025-08-06 00:29:02 DEBUG c.e.R.s.JwtAuthFilter$$SpringCGLIB$$0 - Filter 'jwtAuthFilter' configured for use
2025-08-06 00:29:02 INFO  o.s.s.c.a.a.c.InitializeUserDetailsBeanManagerConfigurer$InitializeUserDetailsManagerConfigurer - Global AuthenticationManager configured with UserDetailsService bean with name userServiceImpl
2025-08-06 00:29:02 INFO  o.s.b.a.e.w.EndpointLinksResolver - Exposing 4 endpoints beneath base path '/actuator'
2025-08-06 00:29:02 INFO  o.s.b.d.a.OptionalLiveReloadServer - LiveReload server is running on port 35729
2025-08-06 00:29:02 INFO  o.a.c.h.Http11NioProtocol - Starting ProtocolHandler ["http-nio-8080"]
2025-08-06 00:29:02 INFO  o.s.b.w.e.t.TomcatWebServer - Tomcat started on port 8080 (http) with context path '/'
2025-08-06 00:29:02 INFO  c.e.R.ResumeGeneratorApplication - Started ResumeGeneratorApplication in 2.556 seconds (process running for 2.752)
2025-08-06 00:29:16 INFO  o.a.c.c.C.[.[.[/] - Initializing Spring DispatcherServlet 'dispatcherServlet'
2025-08-06 00:29:16 INFO  o.s.w.s.DispatcherServlet - Initializing Servlet 'dispatcherServlet'
2025-08-06 00:29:16 INFO  o.s.w.s.DispatcherServlet - Completed initialization in 1 ms
2025-08-06 00:34:31 INFO  o.s.b.d.a.LocalDevToolsAutoConfiguration$RestartingClassPathChangeChangedEventListener - Restarting due to 1 class path change (0 additions, 0 deletions, 1 modification)
2025-08-06 00:34:31 INFO  o.s.b.w.e.t.GracefulShutdown - Commencing graceful shutdown. Waiting for active requests to complete
2025-08-06 00:34:31 INFO  o.a.c.h.Http11NioProtocol - Pausing ProtocolHandler ["http-nio-8080"]
2025-08-06 00:34:31 INFO  o.s.b.w.e.t.GracefulShutdown - Graceful shutdown complete
2025-08-06 00:34:31 INFO  o.a.c.h.Http11NioProtocol - Stopping ProtocolHandler ["http-nio-8080"]
2025-08-06 00:34:31 INFO  o.s.o.j.LocalContainerEntityManagerFactoryBean - Closing JPA EntityManagerFactory for persistence unit 'default'
2025-08-06 00:34:31 INFO  c.z.h.HikariDataSource - HikariPool-1 - Shutdown initiated...
2025-08-06 00:34:31 INFO  c.z.h.HikariDataSource - HikariPool-1 - Shutdown completed.
2025-08-06 00:34:31 INFO  c.e.R.ResumeGeneratorApplication - Starting ResumeGeneratorApplication using Java 23.0.2 with PID 2979 (/Users/deepakn/Desktop/Java/ResumeGeneratorApplication/target/classes started by deepakn in /Users/deepakn/Desktop/Java/ResumeGeneratorApplication)
2025-08-06 00:34:31 DEBUG c.e.R.ResumeGeneratorApplication - Running with Spring Boot v3.5.3, Spring v6.2.8
2025-08-06 00:34:31 INFO  c.e.R.ResumeGeneratorApplication - No active profile set, falling back to 1 default profile: "default"
2025-08-06 00:34:31 INFO  o.s.d.r.c.RepositoryConfigurationDelegate - Bootstrapping Spring Data JPA repositories in DEFAULT mode.
2025-08-06 00:34:31 INFO  o.s.d.r.c.RepositoryConfigurationDelegate - Finished Spring Data repository scanning in 4 ms. Found 2 JPA repository interfaces.
2025-08-06 00:34:31 INFO  o.s.b.w.e.t.TomcatWebServer - Tomcat initialized with port 8080 (http)
2025-08-06 00:34:31 INFO  o.a.c.h.Http11NioProtocol - Initializing ProtocolHandler ["http-nio-8080"]
2025-08-06 00:34:31 INFO  o.a.c.c.StandardService - Starting service [Tomcat]
2025-08-06 00:34:31 INFO  o.a.c.c.StandardEngine - Starting Servlet engine: [Apache Tomcat/10.1.42]
2025-08-06 00:34:31 INFO  o.a.c.c.C.[.[.[/] - Initializing Spring embedded WebApplicationContext
2025-08-06 00:34:31 INFO  o.s.b.w.s.c.ServletWebServerApplicationContext - Root WebApplicationContext: initialization completed in 144 ms
2025-08-06 00:34:31 INFO  o.h.j.i.u.LogHelper - HHH000204: Processing PersistenceUnitInfo [name: default]
2025-08-06 00:34:31 INFO  o.h.c.i.RegionFactoryInitiator - HHH000026: Second-level cache disabled
2025-08-06 00:34:31 INFO  o.h.e.b.i.EnversServiceImpl - Envers integration enabled? : true
2025-08-06 00:34:31 INFO  o.s.o.j.p.SpringPersistenceUnitInfo - No LoadTimeWeaver setup: ignoring JPA class transformer
2025-08-06 00:34:31 INFO  c.z.h.HikariDataSource - HikariPool-2 - Starting...
2025-08-06 00:34:31 INFO  c.z.h.p.HikariPool - HikariPool-2 - Added connection org.postgresql.jdbc.PgConnection@2a8d26b8
2025-08-06 00:34:31 INFO  c.z.h.HikariDataSource - HikariPool-2 - Start completed.
2025-08-06 00:34:31 INFO  o.h.o.c.pooling - HHH10001005: Database info:
	Database JDBC URL [Connecting through datasource 'HikariDataSource (HikariPool-2)']
	Database driver: undefined/unknown
	Database version: 17.4
	Autocommit mode: undefined/unknown
	Isolation level: undefined/unknown
	Minimum pool size: undefined/unknown
	Maximum pool size: undefined/unknown
2025-08-06 00:34:31 INFO  o.h.e.t.j.p.i.JtaPlatformInitiator - HHH000489: No JTA platform available (set 'hibernate.transaction.jta.platform' to enable JTA platform integration)
2025-08-06 00:34:32 INFO  o.s.o.j.LocalContainerEntityManagerFactoryBean - Initialized JPA EntityManagerFactory for persistence unit 'default'
2025-08-06 00:34:32 WARN  o.s.b.a.o.j.JpaBaseConfiguration$JpaWebConfiguration - spring.jpa.open-in-view is enabled by default. Therefore, database queries may be performed during view rendering. Explicitly configure spring.jpa.open-in-view to disable this warning
2025-08-06 00:34:32 DEBUG c.e.R.s.JwtAuthFilter$$SpringCGLIB$$0 - Filter 'jwtAuthFilter' configured for use
2025-08-06 00:34:32 INFO  o.s.s.c.a.a.c.InitializeUserDetailsBeanManagerConfigurer$InitializeUserDetailsManagerConfigurer - Global AuthenticationManager configured with UserDetailsService bean with name userServiceImpl
2025-08-06 00:34:32 INFO  o.s.b.a.e.w.EndpointLinksResolver - Exposing 4 endpoints beneath base path '/actuator'
2025-08-06 00:34:32 INFO  o.s.b.d.a.OptionalLiveReloadServer - LiveReload server is running on port 35729
2025-08-06 00:34:32 INFO  o.a.c.h.Http11NioProtocol - Starting ProtocolHandler ["http-nio-8080"]
2025-08-06 00:34:32 INFO  o.s.b.w.e.t.TomcatWebServer - Tomcat started on port 8080 (http) with context path '/'
2025-08-06 00:34:32 INFO  c.e.R.ResumeGeneratorApplication - Started ResumeGeneratorApplication in 0.556 seconds (process running for 332.239)
2025-08-06 00:34:32 INFO  o.s.b.d.a.ConditionEvaluationDeltaLoggingListener - Condition evaluation unchanged
2025-08-06 00:35:45 INFO  o.s.b.d.a.LocalDevToolsAutoConfiguration$RestartingClassPathChangeChangedEventListener - Restarting due to 1 class path change (0 additions, 0 deletions, 1 modification)
2025-08-06 00:35:45 INFO  o.s.b.w.e.t.GracefulShutdown - Commencing graceful shutdown. Waiting for active requests to complete
2025-08-06 00:35:45 INFO  o.a.c.h.Http11NioProtocol - Pausing ProtocolHandler ["http-nio-8080"]
2025-08-06 00:35:45 INFO  o.s.b.w.e.t.GracefulShutdown - Graceful shutdown complete
2025-08-06 00:35:45 INFO  o.a.c.h.Http11NioProtocol - Stopping ProtocolHandler ["http-nio-8080"]
2025-08-06 00:35:45 INFO  o.s.o.j.LocalContainerEntityManagerFactoryBean - Closing JPA EntityManagerFactory for persistence unit 'default'
2025-08-06 00:35:45 INFO  c.z.h.HikariDataSource - HikariPool-2 - Shutdown initiated...
2025-08-06 00:35:45 INFO  c.z.h.HikariDataSource - HikariPool-2 - Shutdown completed.
2025-08-06 00:35:45 INFO  c.e.R.ResumeGeneratorApplication - Starting ResumeGeneratorApplication using Java 23.0.2 with PID 2979 (/Users/deepakn/Desktop/Java/ResumeGeneratorApplication/target/classes started by deepakn in /Users/deepakn/Desktop/Java/ResumeGeneratorApplication)
2025-08-06 00:35:45 DEBUG c.e.R.ResumeGeneratorApplication - Running with Spring Boot v3.5.3, Spring v6.2.8
2025-08-06 00:35:45 INFO  c.e.R.ResumeGeneratorApplication - No active profile set, falling back to 1 default profile: "default"
2025-08-06 00:35:45 INFO  o.s.d.r.c.RepositoryConfigurationDelegate - Bootstrapping Spring Data JPA repositories in DEFAULT mode.
2025-08-06 00:35:45 INFO  o.s.d.r.c.RepositoryConfigurationDelegate - Finished Spring Data repository scanning in 3 ms. Found 2 JPA repository interfaces.
2025-08-06 00:35:45 INFO  o.s.b.w.e.t.TomcatWebServer - Tomcat initialized with port 8080 (http)
2025-08-06 00:35:45 INFO  o.a.c.h.Http11NioProtocol - Initializing ProtocolHandler ["http-nio-8080"]
2025-08-06 00:35:45 INFO  o.a.c.c.StandardService - Starting service [Tomcat]
2025-08-06 00:35:45 INFO  o.a.c.c.StandardEngine - Starting Servlet engine: [Apache Tomcat/10.1.42]
2025-08-06 00:35:45 INFO  o.a.c.c.C.[.[.[/] - Initializing Spring embedded WebApplicationContext
2025-08-06 00:35:45 INFO  o.s.b.w.s.c.ServletWebServerApplicationContext - Root WebApplicationContext: initialization completed in 109 ms
2025-08-06 00:35:45 INFO  o.h.j.i.u.LogHelper - HHH000204: Processing PersistenceUnitInfo [name: default]
2025-08-06 00:35:45 INFO  o.h.c.i.RegionFactoryInitiator - HHH000026: Second-level cache disabled
2025-08-06 00:35:45 INFO  o.h.e.b.i.EnversServiceImpl - Envers integration enabled? : true
2025-08-06 00:35:45 INFO  o.s.o.j.p.SpringPersistenceUnitInfo - No LoadTimeWeaver setup: ignoring JPA class transformer
2025-08-06 00:35:45 INFO  c.z.h.HikariDataSource - HikariPool-3 - Starting...
2025-08-06 00:35:45 INFO  c.z.h.p.HikariPool - HikariPool-3 - Added connection org.postgresql.jdbc.PgConnection@491d06c2
2025-08-06 00:35:45 INFO  c.z.h.HikariDataSource - HikariPool-3 - Start completed.
2025-08-06 00:35:45 INFO  o.h.o.c.pooling - HHH10001005: Database info:
	Database JDBC URL [Connecting through datasource 'HikariDataSource (HikariPool-3)']
	Database driver: undefined/unknown
	Database version: 17.4
	Autocommit mode: undefined/unknown
	Isolation level: undefined/unknown
	Minimum pool size: undefined/unknown
	Maximum pool size: undefined/unknown
2025-08-06 00:35:45 INFO  o.h.e.t.j.p.i.JtaPlatformInitiator - HHH000489: No JTA platform available (set 'hibernate.transaction.jta.platform' to enable JTA platform integration)
2025-08-06 00:35:46 INFO  o.s.o.j.LocalContainerEntityManagerFactoryBean - Initialized JPA EntityManagerFactory for persistence unit 'default'
2025-08-06 00:35:46 WARN  o.s.b.a.o.j.JpaBaseConfiguration$JpaWebConfiguration - spring.jpa.open-in-view is enabled by default. Therefore, database queries may be performed during view rendering. Explicitly configure spring.jpa.open-in-view to disable this warning
2025-08-06 00:35:46 DEBUG c.e.R.s.JwtAuthFilter$$SpringCGLIB$$0 - Filter 'jwtAuthFilter' configured for use
2025-08-06 00:35:46 INFO  o.s.s.c.a.a.c.InitializeUserDetailsBeanManagerConfigurer$InitializeUserDetailsManagerConfigurer - Global AuthenticationManager configured with UserDetailsService bean with name userServiceImpl
2025-08-06 00:35:46 INFO  o.s.b.a.e.w.EndpointLinksResolver - Exposing 4 endpoints beneath base path '/actuator'
2025-08-06 00:35:46 INFO  o.s.b.d.a.OptionalLiveReloadServer - LiveReload server is running on port 35729
2025-08-06 00:35:46 INFO  o.s.b.w.e.t.TomcatWebServer - Tomcat started on port 8080 (http) with context path '/'
2025-08-06 00:35:46 INFO  c.e.R.ResumeGeneratorApplication - Started ResumeGeneratorApplication in 0.452 seconds (process running for 406.32)
2025-08-06 00:35:46 INFO  o.s.b.w.e.t.GracefulShutdown - Commencing graceful shutdown. Waiting for active requests to complete
2025-08-06 00:35:46 INFO  o.s.b.d.a.ConditionEvaluationDeltaLoggingListener - Condition evaluation unchanged
2025-08-06 00:35:46 INFO  o.s.b.w.e.t.GracefulShutdown - Graceful shutdown complete
2025-08-06 00:35:46 INFO  o.s.o.j.LocalContainerEntityManagerFactoryBean - Closing JPA EntityManagerFactory for persistence unit 'default'
2025-08-06 00:35:46 INFO  c.z.h.HikariDataSource - HikariPool-3 - Shutdown initiated...
2025-08-06 00:35:46 INFO  c.z.h.HikariDataSource - HikariPool-3 - Shutdown completed.
2025-08-06 00:35:47 INFO  o.h.v.i.u.Version - HV000001: Hibernate Validator 8.0.2.Final
2025-08-06 00:35:47 INFO  c.e.R.ResumeGeneratorApplication - Starting ResumeGeneratorApplication using Java 23.0.2 with PID 3109 (/Users/deepakn/Desktop/Java/ResumeGeneratorApplication/target/classes started by deepakn in /Users/deepakn/Desktop/Java/ResumeGeneratorApplication)
2025-08-06 00:35:47 DEBUG c.e.R.ResumeGeneratorApplication - Running with Spring Boot v3.5.3, Spring v6.2.8
2025-08-06 00:35:47 INFO  c.e.R.ResumeGeneratorApplication - No active profile set, falling back to 1 default profile: "default"
2025-08-06 00:35:47 INFO  o.s.b.d.e.DevToolsPropertyDefaultsPostProcessor - Devtools property defaults active! Set 'spring.devtools.add-properties' to 'false' to disable
2025-08-06 00:35:47 INFO  o.s.b.d.e.DevToolsPropertyDefaultsPostProcessor - For additional web related logging consider setting the 'logging.level.web' property to 'DEBUG'
2025-08-06 00:35:47 INFO  o.s.d.r.c.RepositoryConfigurationDelegate - Bootstrapping Spring Data JPA repositories in DEFAULT mode.
2025-08-06 00:35:47 INFO  o.s.d.r.c.RepositoryConfigurationDelegate - Finished Spring Data repository scanning in 19 ms. Found 2 JPA repository interfaces.
2025-08-06 00:35:48 INFO  o.s.b.w.e.t.TomcatWebServer - Tomcat initialized with port 8080 (http)
2025-08-06 00:35:48 INFO  o.a.c.h.Http11NioProtocol - Initializing ProtocolHandler ["http-nio-8080"]
2025-08-06 00:35:48 INFO  o.a.c.c.StandardService - Starting service [Tomcat]
2025-08-06 00:35:48 INFO  o.a.c.c.StandardEngine - Starting Servlet engine: [Apache Tomcat/10.1.42]
2025-08-06 00:35:48 INFO  o.a.c.c.C.[.[.[/] - Initializing Spring embedded WebApplicationContext
2025-08-06 00:35:48 INFO  o.s.b.w.s.c.ServletWebServerApplicationContext - Root WebApplicationContext: initialization completed in 908 ms
2025-08-06 00:35:48 INFO  o.h.j.i.u.LogHelper - HHH000204: Processing PersistenceUnitInfo [name: default]
2025-08-06 00:35:48 INFO  o.h.Version - HHH000412: Hibernate ORM core version 6.6.18.Final
2025-08-06 00:35:48 INFO  o.h.c.i.RegionFactoryInitiator - HHH000026: Second-level cache disabled
2025-08-06 00:35:48 INFO  o.h.e.b.i.EnversServiceImpl - Envers integration enabled? : true
2025-08-06 00:35:48 INFO  o.s.o.j.p.SpringPersistenceUnitInfo - No LoadTimeWeaver setup: ignoring JPA class transformer
2025-08-06 00:35:48 INFO  c.z.h.HikariDataSource - HikariPool-1 - Starting...
2025-08-06 00:35:48 INFO  c.z.h.p.HikariPool - HikariPool-1 - Added connection org.postgresql.jdbc.PgConnection@2fb6c3bc
2025-08-06 00:35:48 INFO  c.z.h.HikariDataSource - HikariPool-1 - Start completed.
2025-08-06 00:35:48 INFO  o.h.o.c.pooling - HHH10001005: Database info:
	Database JDBC URL [Connecting through datasource 'HikariDataSource (HikariPool-1)']
	Database driver: undefined/unknown
	Database version: 17.4
	Autocommit mode: undefined/unknown
	Isolation level: undefined/unknown
	Minimum pool size: undefined/unknown
	Maximum pool size: undefined/unknown
2025-08-06 00:35:48 INFO  o.h.e.t.j.p.i.JtaPlatformInitiator - HHH000489: No JTA platform available (set 'hibernate.transaction.jta.platform' to enable JTA platform integration)
2025-08-06 00:35:49 INFO  o.s.o.j.LocalContainerEntityManagerFactoryBean - Initialized JPA EntityManagerFactory for persistence unit 'default'
2025-08-06 00:35:49 WARN  o.s.b.a.o.j.JpaBaseConfiguration$JpaWebConfiguration - spring.jpa.open-in-view is enabled by default. Therefore, database queries may be performed during view rendering. Explicitly configure spring.jpa.open-in-view to disable this warning
2025-08-06 00:35:49 DEBUG c.e.R.s.JwtAuthFilter$$SpringCGLIB$$0 - Filter 'jwtAuthFilter' configured for use
2025-08-06 00:35:49 INFO  o.s.s.c.a.a.c.InitializeUserDetailsBeanManagerConfigurer$InitializeUserDetailsManagerConfigurer - Global AuthenticationManager configured with UserDetailsService bean with name userServiceImpl
2025-08-06 00:35:49 INFO  o.s.b.a.e.w.EndpointLinksResolver - Exposing 4 endpoints beneath base path '/actuator'
2025-08-06 00:35:49 INFO  o.s.b.d.a.OptionalLiveReloadServer - LiveReload server is running on port 35729
2025-08-06 00:35:49 INFO  o.a.c.h.Http11NioProtocol - Starting ProtocolHandler ["http-nio-8080"]
2025-08-06 00:35:49 INFO  o.s.b.w.e.t.TomcatWebServer - Tomcat started on port 8080 (http) with context path '/'
2025-08-06 00:35:49 INFO  c.e.R.ResumeGeneratorApplication - Started ResumeGeneratorApplication in 2.676 seconds (process running for 2.848)
2025-08-06 00:39:10 INFO  o.s.b.d.a.LocalDevToolsAutoConfiguration$RestartingClassPathChangeChangedEventListener - Restarting due to 1 class path change (0 additions, 0 deletions, 1 modification)
2025-08-06 00:39:10 INFO  o.s.b.w.e.t.GracefulShutdown - Commencing graceful shutdown. Waiting for active requests to complete
2025-08-06 00:39:10 INFO  o.a.c.h.Http11NioProtocol - Pausing ProtocolHandler ["http-nio-8080"]
2025-08-06 00:39:10 INFO  o.s.b.w.e.t.GracefulShutdown - Graceful shutdown complete
2025-08-06 00:39:10 INFO  o.a.c.h.Http11NioProtocol - Stopping ProtocolHandler ["http-nio-8080"]
2025-08-06 00:39:10 INFO  o.s.o.j.LocalContainerEntityManagerFactoryBean - Closing JPA EntityManagerFactory for persistence unit 'default'
2025-08-06 00:39:10 INFO  c.z.h.HikariDataSource - HikariPool-1 - Shutdown initiated...
2025-08-06 00:39:10 INFO  c.z.h.HikariDataSource - HikariPool-1 - Shutdown completed.
2025-08-06 00:39:10 INFO  c.e.R.ResumeGeneratorApplication - Starting ResumeGeneratorApplication using Java 23.0.2 with PID 3109 (/Users/deepakn/Desktop/Java/ResumeGeneratorApplication/target/classes started by deepakn in /Users/deepakn/Desktop/Java/ResumeGeneratorApplication)
2025-08-06 00:39:10 DEBUG c.e.R.ResumeGeneratorApplication - Running with Spring Boot v3.5.3, Spring v6.2.8
2025-08-06 00:39:10 INFO  c.e.R.ResumeGeneratorApplication - No active profile set, falling back to 1 default profile: "default"
2025-08-06 00:39:10 INFO  o.s.d.r.c.RepositoryConfigurationDelegate - Bootstrapping Spring Data JPA repositories in DEFAULT mode.
2025-08-06 00:39:10 INFO  o.s.d.r.c.RepositoryConfigurationDelegate - Finished Spring Data repository scanning in 4 ms. Found 2 JPA repository interfaces.
2025-08-06 00:39:10 INFO  o.s.b.w.e.t.TomcatWebServer - Tomcat initialized with port 8080 (http)
2025-08-06 00:39:10 INFO  o.a.c.h.Http11NioProtocol - Initializing ProtocolHandler ["http-nio-8080"]
2025-08-06 00:39:10 INFO  o.a.c.c.StandardService - Starting service [Tomcat]
2025-08-06 00:39:10 INFO  o.a.c.c.StandardEngine - Starting Servlet engine: [Apache Tomcat/10.1.42]
2025-08-06 00:39:10 INFO  o.a.c.c.C.[.[.[/] - Initializing Spring embedded WebApplicationContext
2025-08-06 00:39:10 INFO  o.s.b.w.s.c.ServletWebServerApplicationContext - Root WebApplicationContext: initialization completed in 132 ms
2025-08-06 00:39:10 INFO  o.h.j.i.u.LogHelper - HHH000204: Processing PersistenceUnitInfo [name: default]
2025-08-06 00:39:10 INFO  o.h.c.i.RegionFactoryInitiator - HHH000026: Second-level cache disabled
2025-08-06 00:39:10 INFO  o.h.e.b.i.EnversServiceImpl - Envers integration enabled? : true
2025-08-06 00:39:10 INFO  o.s.o.j.p.SpringPersistenceUnitInfo - No LoadTimeWeaver setup: ignoring JPA class transformer
2025-08-06 00:39:10 INFO  c.z.h.HikariDataSource - HikariPool-2 - Starting...
2025-08-06 00:39:10 INFO  c.z.h.p.HikariPool - HikariPool-2 - Added connection org.postgresql.jdbc.PgConnection@6a9ba84d
2025-08-06 00:39:10 INFO  c.z.h.HikariDataSource - HikariPool-2 - Start completed.
2025-08-06 00:39:10 INFO  o.h.o.c.pooling - HHH10001005: Database info:
	Database JDBC URL [Connecting through datasource 'HikariDataSource (HikariPool-2)']
	Database driver: undefined/unknown
	Database version: 17.4
	Autocommit mode: undefined/unknown
	Isolation level: undefined/unknown
	Minimum pool size: undefined/unknown
	Maximum pool size: undefined/unknown
2025-08-06 00:39:10 INFO  o.h.e.t.j.p.i.JtaPlatformInitiator - HHH000489: No JTA platform available (set 'hibernate.transaction.jta.platform' to enable JTA platform integration)
2025-08-06 00:39:10 INFO  o.s.o.j.LocalContainerEntityManagerFactoryBean - Initialized JPA EntityManagerFactory for persistence unit 'default'
2025-08-06 00:39:10 WARN  o.s.b.a.o.j.JpaBaseConfiguration$JpaWebConfiguration - spring.jpa.open-in-view is enabled by default. Therefore, database queries may be performed during view rendering. Explicitly configure spring.jpa.open-in-view to disable this warning
2025-08-06 00:39:10 DEBUG c.e.R.s.JwtAuthFilter$$SpringCGLIB$$0 - Filter 'jwtAuthFilter' configured for use
2025-08-06 00:39:10 INFO  o.s.s.c.a.a.c.InitializeUserDetailsBeanManagerConfigurer$InitializeUserDetailsManagerConfigurer - Global AuthenticationManager configured with UserDetailsService bean with name userServiceImpl
2025-08-06 00:39:10 INFO  o.s.b.a.e.w.EndpointLinksResolver - Exposing 4 endpoints beneath base path '/actuator'
2025-08-06 00:39:10 INFO  o.s.b.d.a.OptionalLiveReloadServer - LiveReload server is running on port 35729
2025-08-06 00:39:10 INFO  o.a.c.h.Http11NioProtocol - Starting ProtocolHandler ["http-nio-8080"]
2025-08-06 00:39:10 INFO  o.s.b.w.e.t.TomcatWebServer - Tomcat started on port 8080 (http) with context path '/'
2025-08-06 00:39:10 INFO  c.e.R.ResumeGeneratorApplication - Started ResumeGeneratorApplication in 0.515 seconds (process running for 204.022)
2025-08-06 00:39:10 INFO  o.s.b.d.a.ConditionEvaluationDeltaLoggingListener - Condition evaluation unchanged
2025-08-06 00:41:13 INFO  o.s.b.w.e.t.GracefulShutdown - Commencing graceful shutdown. Waiting for active requests to complete
2025-08-06 00:41:13 INFO  o.s.b.w.e.t.GracefulShutdown - Graceful shutdown complete
2025-08-06 00:41:13 INFO  o.s.o.j.LocalContainerEntityManagerFactoryBean - Closing JPA EntityManagerFactory for persistence unit 'default'
2025-08-06 00:41:13 INFO  c.z.h.HikariDataSource - HikariPool-2 - Shutdown initiated...
2025-08-06 00:41:13 INFO  c.z.h.HikariDataSource - HikariPool-2 - Shutdown completed.
2025-08-06 00:41:15 INFO  o.h.v.i.u.Version - HV000001: Hibernate Validator 8.0.2.Final
2025-08-06 00:41:15 INFO  c.e.R.ResumeGeneratorApplication - Starting ResumeGeneratorApplication using Java 23.0.2 with PID 3231 (/Users/deepakn/Desktop/Java/ResumeGeneratorApplication/target/classes started by deepakn in /Users/deepakn/Desktop/Java/ResumeGeneratorApplication)
2025-08-06 00:41:15 DEBUG c.e.R.ResumeGeneratorApplication - Running with Spring Boot v3.5.3, Spring v6.2.8
2025-08-06 00:41:15 INFO  c.e.R.ResumeGeneratorApplication - No active profile set, falling back to 1 default profile: "default"
2025-08-06 00:41:15 INFO  o.s.b.d.e.DevToolsPropertyDefaultsPostProcessor - Devtools property defaults active! Set 'spring.devtools.add-properties' to 'false' to disable
2025-08-06 00:41:15 INFO  o.s.b.d.e.DevToolsPropertyDefaultsPostProcessor - For additional web related logging consider setting the 'logging.level.web' property to 'DEBUG'
2025-08-06 00:41:15 INFO  o.s.d.r.c.RepositoryConfigurationDelegate - Bootstrapping Spring Data JPA repositories in DEFAULT mode.
2025-08-06 00:41:16 INFO  o.s.d.r.c.RepositoryConfigurationDelegate - Finished Spring Data repository scanning in 19 ms. Found 2 JPA repository interfaces.
2025-08-06 00:41:16 INFO  o.s.b.w.e.t.TomcatWebServer - Tomcat initialized with port 8080 (http)
2025-08-06 00:41:16 INFO  o.a.c.h.Http11NioProtocol - Initializing ProtocolHandler ["http-nio-8080"]
2025-08-06 00:41:16 INFO  o.a.c.c.StandardService - Starting service [Tomcat]
2025-08-06 00:41:16 INFO  o.a.c.c.StandardEngine - Starting Servlet engine: [Apache Tomcat/10.1.42]
2025-08-06 00:41:16 INFO  o.a.c.c.C.[.[.[/] - Initializing Spring embedded WebApplicationContext
2025-08-06 00:41:16 INFO  o.s.b.w.s.c.ServletWebServerApplicationContext - Root WebApplicationContext: initialization completed in 915 ms
2025-08-06 00:41:16 INFO  o.h.j.i.u.LogHelper - HHH000204: Processing PersistenceUnitInfo [name: default]
2025-08-06 00:41:16 INFO  o.h.Version - HHH000412: Hibernate ORM core version 6.6.18.Final
2025-08-06 00:41:16 INFO  o.h.c.i.RegionFactoryInitiator - HHH000026: Second-level cache disabled
2025-08-06 00:41:16 INFO  o.h.e.b.i.EnversServiceImpl - Envers integration enabled? : true
2025-08-06 00:41:16 INFO  o.s.o.j.p.SpringPersistenceUnitInfo - No LoadTimeWeaver setup: ignoring JPA class transformer
2025-08-06 00:41:16 INFO  c.z.h.HikariDataSource - HikariPool-1 - Starting...
2025-08-06 00:41:16 INFO  c.z.h.p.HikariPool - HikariPool-1 - Added connection org.postgresql.jdbc.PgConnection@1cde5642
2025-08-06 00:41:16 INFO  c.z.h.HikariDataSource - HikariPool-1 - Start completed.
2025-08-06 00:41:16 INFO  o.h.o.c.pooling - HHH10001005: Database info:
	Database JDBC URL [Connecting through datasource 'HikariDataSource (HikariPool-1)']
	Database driver: undefined/unknown
	Database version: 17.4
	Autocommit mode: undefined/unknown
	Isolation level: undefined/unknown
	Minimum pool size: undefined/unknown
	Maximum pool size: undefined/unknown
2025-08-06 00:41:16 INFO  o.h.e.t.j.p.i.JtaPlatformInitiator - HHH000489: No JTA platform available (set 'hibernate.transaction.jta.platform' to enable JTA platform integration)
2025-08-06 00:41:17 INFO  o.s.o.j.LocalContainerEntityManagerFactoryBean - Initialized JPA EntityManagerFactory for persistence unit 'default'
2025-08-06 00:41:17 WARN  o.s.b.a.o.j.JpaBaseConfiguration$JpaWebConfiguration - spring.jpa.open-in-view is enabled by default. Therefore, database queries may be performed during view rendering. Explicitly configure spring.jpa.open-in-view to disable this warning
2025-08-06 00:41:17 DEBUG c.e.R.s.JwtAuthFilter$$SpringCGLIB$$0 - Filter 'jwtAuthFilter' configured for use
2025-08-06 00:41:17 INFO  o.s.s.c.a.a.c.InitializeUserDetailsBeanManagerConfigurer$InitializeUserDetailsManagerConfigurer - Global AuthenticationManager configured with UserDetailsService bean with name userServiceImpl
2025-08-06 00:41:17 INFO  o.s.b.a.e.w.EndpointLinksResolver - Exposing 4 endpoints beneath base path '/actuator'
2025-08-06 00:41:17 INFO  o.s.b.d.a.OptionalLiveReloadServer - LiveReload server is running on port 35729
2025-08-06 00:41:17 INFO  o.a.c.h.Http11NioProtocol - Starting ProtocolHandler ["http-nio-8080"]
2025-08-06 00:41:17 INFO  o.s.b.w.e.t.TomcatWebServer - Tomcat started on port 8080 (http) with context path '/'
2025-08-06 00:41:17 INFO  c.e.R.ResumeGeneratorApplication - Started ResumeGeneratorApplication in 2.883 seconds (process running for 3.076)
2025-08-06 00:42:27 INFO  o.s.b.w.e.t.GracefulShutdown - Commencing graceful shutdown. Waiting for active requests to complete
2025-08-06 00:42:27 INFO  o.s.b.w.e.t.GracefulShutdown - Graceful shutdown complete
2025-08-06 00:42:27 INFO  o.s.o.j.LocalContainerEntityManagerFactoryBean - Closing JPA EntityManagerFactory for persistence unit 'default'
2025-08-06 00:42:27 INFO  c.z.h.HikariDataSource - HikariPool-1 - Shutdown initiated...
2025-08-06 00:42:27 INFO  c.z.h.HikariDataSource - HikariPool-1 - Shutdown completed.
2025-08-06 00:42:29 INFO  o.h.v.i.u.Version - HV000001: Hibernate Validator 8.0.2.Final
2025-08-06 00:42:29 INFO  c.e.R.ResumeGeneratorApplication - Starting ResumeGeneratorApplication using Java 23.0.2 with PID 3271 (/Users/deepakn/Desktop/Java/ResumeGeneratorApplication/target/classes started by deepakn in /Users/deepakn/Desktop/Java/ResumeGeneratorApplication)
2025-08-06 00:42:29 DEBUG c.e.R.ResumeGeneratorApplication - Running with Spring Boot v3.5.3, Spring v6.2.8
2025-08-06 00:42:29 INFO  c.e.R.ResumeGeneratorApplication - No active profile set, falling back to 1 default profile: "default"
2025-08-06 00:42:29 INFO  o.s.b.d.e.DevToolsPropertyDefaultsPostProcessor - Devtools property defaults active! Set 'spring.devtools.add-properties' to 'false' to disable
2025-08-06 00:42:29 INFO  o.s.b.d.e.DevToolsPropertyDefaultsPostProcessor - For additional web related logging consider setting the 'logging.level.web' property to 'DEBUG'
2025-08-06 00:42:29 INFO  o.s.d.r.c.RepositoryConfigurationDelegate - Bootstrapping Spring Data JPA repositories in DEFAULT mode.
2025-08-06 00:42:29 INFO  o.s.d.r.c.RepositoryConfigurationDelegate - Finished Spring Data repository scanning in 16 ms. Found 2 JPA repository interfaces.
2025-08-06 00:42:30 INFO  o.s.b.w.e.t.TomcatWebServer - Tomcat initialized with port 8080 (http)
2025-08-06 00:42:30 INFO  o.a.c.h.Http11NioProtocol - Initializing ProtocolHandler ["http-nio-8080"]
2025-08-06 00:42:30 INFO  o.a.c.c.StandardService - Starting service [Tomcat]
2025-08-06 00:42:30 INFO  o.a.c.c.StandardEngine - Starting Servlet engine: [Apache Tomcat/10.1.42]
2025-08-06 00:42:30 INFO  o.a.c.c.C.[.[.[/] - Initializing Spring embedded WebApplicationContext
2025-08-06 00:42:30 INFO  o.s.b.w.s.c.ServletWebServerApplicationContext - Root WebApplicationContext: initialization completed in 818 ms
2025-08-06 00:42:30 INFO  o.h.j.i.u.LogHelper - HHH000204: Processing PersistenceUnitInfo [name: default]
2025-08-06 00:42:30 INFO  o.h.Version - HHH000412: Hibernate ORM core version 6.6.18.Final
2025-08-06 00:42:30 INFO  o.h.c.i.RegionFactoryInitiator - HHH000026: Second-level cache disabled
2025-08-06 00:42:30 INFO  o.h.e.b.i.EnversServiceImpl - Envers integration enabled? : true
2025-08-06 00:42:30 INFO  o.s.o.j.p.SpringPersistenceUnitInfo - No LoadTimeWeaver setup: ignoring JPA class transformer
2025-08-06 00:42:30 INFO  c.z.h.HikariDataSource - HikariPool-1 - Starting...
2025-08-06 00:42:30 INFO  c.z.h.p.HikariPool - HikariPool-1 - Added connection org.postgresql.jdbc.PgConnection@b4d38de
2025-08-06 00:42:30 INFO  c.z.h.HikariDataSource - HikariPool-1 - Start completed.
2025-08-06 00:42:30 INFO  o.h.o.c.pooling - HHH10001005: Database info:
	Database JDBC URL [Connecting through datasource 'HikariDataSource (HikariPool-1)']
	Database driver: undefined/unknown
	Database version: 17.4
	Autocommit mode: undefined/unknown
	Isolation level: undefined/unknown
	Minimum pool size: undefined/unknown
	Maximum pool size: undefined/unknown
2025-08-06 00:42:30 INFO  o.h.e.t.j.p.i.JtaPlatformInitiator - HHH000489: No JTA platform available (set 'hibernate.transaction.jta.platform' to enable JTA platform integration)
2025-08-06 00:42:30 INFO  o.s.o.j.LocalContainerEntityManagerFactoryBean - Initialized JPA EntityManagerFactory for persistence unit 'default'
2025-08-06 00:42:31 WARN  o.s.b.a.o.j.JpaBaseConfiguration$JpaWebConfiguration - spring.jpa.open-in-view is enabled by default. Therefore, database queries may be performed during view rendering. Explicitly configure spring.jpa.open-in-view to disable this warning
2025-08-06 00:42:31 DEBUG c.e.R.s.JwtAuthFilter$$SpringCGLIB$$0 - Filter 'jwtAuthFilter' configured for use
2025-08-06 00:42:31 INFO  o.s.s.c.a.a.c.InitializeUserDetailsBeanManagerConfigurer$InitializeUserDetailsManagerConfigurer - Global AuthenticationManager configured with UserDetailsService bean with name userServiceImpl
2025-08-06 00:42:31 INFO  o.s.b.a.e.w.EndpointLinksResolver - Exposing 4 endpoints beneath base path '/actuator'
2025-08-06 00:42:31 INFO  o.s.b.d.a.OptionalLiveReloadServer - LiveReload server is running on port 35729
2025-08-06 00:42:31 INFO  o.a.c.h.Http11NioProtocol - Starting ProtocolHandler ["http-nio-8080"]
2025-08-06 00:42:31 INFO  o.s.b.w.e.t.TomcatWebServer - Tomcat started on port 8080 (http) with context path '/'
2025-08-06 00:42:31 INFO  c.e.R.ResumeGeneratorApplication - Started ResumeGeneratorApplication in 2.675 seconds (process running for 2.861)
2025-08-06 00:42:37 INFO  o.a.c.c.C.[.[.[/] - Initializing Spring DispatcherServlet 'dispatcherServlet'
2025-08-06 00:42:37 INFO  o.s.w.s.DispatcherServlet - Initializing Servlet 'dispatcherServlet'
2025-08-06 00:42:37 INFO  o.s.w.s.DispatcherServlet - Completed initialization in 0 ms
2025-08-06 00:42:59 INFO  o.s.b.w.e.t.GracefulShutdown - Commencing graceful shutdown. Waiting for active requests to complete
2025-08-06 00:43:00 INFO  o.s.b.w.e.t.GracefulShutdown - Graceful shutdown complete
2025-08-06 00:43:00 INFO  o.s.o.j.LocalContainerEntityManagerFactoryBean - Closing JPA EntityManagerFactory for persistence unit 'default'
2025-08-06 00:43:00 INFO  c.z.h.HikariDataSource - HikariPool-1 - Shutdown initiated...
2025-08-06 00:43:00 INFO  c.z.h.HikariDataSource - HikariPool-1 - Shutdown completed.
2025-08-06 08:19:31 INFO  o.h.v.i.u.Version - HV000001: Hibernate Validator 8.0.2.Final
2025-08-06 08:19:31 INFO  c.e.R.ResumeGeneratorApplication - Starting ResumeGeneratorApplication using Java 23.0.2 with PID 1408 (/Users/deepakn/Desktop/Java/ResumeGeneratorApplication/target/classes started by deepakn in /Users/deepakn/Desktop/Java/ResumeGeneratorApplication)
2025-08-06 08:19:31 DEBUG c.e.R.ResumeGeneratorApplication - Running with Spring Boot v3.5.3, Spring v6.2.8
2025-08-06 08:19:31 INFO  c.e.R.ResumeGeneratorApplication - No active profile set, falling back to 1 default profile: "default"
2025-08-06 08:19:31 INFO  o.s.b.d.e.DevToolsPropertyDefaultsPostProcessor - Devtools property defaults active! Set 'spring.devtools.add-properties' to 'false' to disable
2025-08-06 08:19:31 INFO  o.s.b.d.e.DevToolsPropertyDefaultsPostProcessor - For additional web related logging consider setting the 'logging.level.web' property to 'DEBUG'
2025-08-06 08:19:31 INFO  o.s.d.r.c.RepositoryConfigurationDelegate - Bootstrapping Spring Data JPA repositories in DEFAULT mode.
2025-08-06 08:19:31 INFO  o.s.d.r.c.RepositoryConfigurationDelegate - Finished Spring Data repository scanning in 18 ms. Found 2 JPA repository interfaces.
2025-08-06 08:19:32 INFO  o.s.b.w.e.t.TomcatWebServer - Tomcat initialized with port 8080 (http)
2025-08-06 08:19:32 INFO  o.a.c.h.Http11NioProtocol - Initializing ProtocolHandler ["http-nio-8080"]
2025-08-06 08:19:32 INFO  o.a.c.c.StandardService - Starting service [Tomcat]
2025-08-06 08:19:32 INFO  o.a.c.c.StandardEngine - Starting Servlet engine: [Apache Tomcat/10.1.42]
2025-08-06 08:19:32 INFO  o.a.c.c.C.[.[.[/] - Initializing Spring embedded WebApplicationContext
2025-08-06 08:19:32 INFO  o.s.b.w.s.c.ServletWebServerApplicationContext - Root WebApplicationContext: initialization completed in 831 ms
2025-08-06 08:19:32 INFO  o.h.j.i.u.LogHelper - HHH000204: Processing PersistenceUnitInfo [name: default]
2025-08-06 08:19:32 INFO  o.h.Version - HHH000412: Hibernate ORM core version 6.6.18.Final
2025-08-06 08:19:32 INFO  o.h.c.i.RegionFactoryInitiator - HHH000026: Second-level cache disabled
2025-08-06 08:19:32 INFO  o.h.e.b.i.EnversServiceImpl - Envers integration enabled? : true
2025-08-06 08:19:32 INFO  o.s.o.j.p.SpringPersistenceUnitInfo - No LoadTimeWeaver setup: ignoring JPA class transformer
2025-08-06 08:19:32 INFO  c.z.h.HikariDataSource - HikariPool-1 - Starting...
2025-08-06 08:19:32 INFO  c.z.h.p.HikariPool - HikariPool-1 - Added connection org.postgresql.jdbc.PgConnection@4fceccb1
2025-08-06 08:19:32 INFO  c.z.h.HikariDataSource - HikariPool-1 - Start completed.
2025-08-06 08:19:32 INFO  o.h.o.c.pooling - HHH10001005: Database info:
	Database JDBC URL [Connecting through datasource 'HikariDataSource (HikariPool-1)']
	Database driver: undefined/unknown
	Database version: 17.4
	Autocommit mode: undefined/unknown
	Isolation level: undefined/unknown
	Minimum pool size: undefined/unknown
	Maximum pool size: undefined/unknown
2025-08-06 08:19:33 INFO  o.h.e.t.j.p.i.JtaPlatformInitiator - HHH000489: No JTA platform available (set 'hibernate.transaction.jta.platform' to enable JTA platform integration)
2025-08-06 08:19:33 INFO  o.s.o.j.LocalContainerEntityManagerFactoryBean - Initialized JPA EntityManagerFactory for persistence unit 'default'
2025-08-06 08:19:33 WARN  o.s.b.a.o.j.JpaBaseConfiguration$JpaWebConfiguration - spring.jpa.open-in-view is enabled by default. Therefore, database queries may be performed during view rendering. Explicitly configure spring.jpa.open-in-view to disable this warning
2025-08-06 08:19:33 DEBUG c.e.R.s.JwtAuthFilter$$SpringCGLIB$$0 - Filter 'jwtAuthFilter' configured for use
2025-08-06 08:19:33 INFO  o.s.s.c.a.a.c.InitializeUserDetailsBeanManagerConfigurer$InitializeUserDetailsManagerConfigurer - Global AuthenticationManager configured with UserDetailsService bean with name userServiceImpl
2025-08-06 08:19:33 INFO  o.s.b.a.e.w.EndpointLinksResolver - Exposing 4 endpoints beneath base path '/actuator'
2025-08-06 08:19:33 INFO  o.s.b.d.a.OptionalLiveReloadServer - LiveReload server is running on port 35729
2025-08-06 08:19:33 INFO  o.a.c.h.Http11NioProtocol - Starting ProtocolHandler ["http-nio-8080"]
2025-08-06 08:19:33 INFO  o.s.b.w.e.t.TomcatWebServer - Tomcat started on port 8080 (http) with context path '/'
2025-08-06 08:19:33 INFO  c.e.R.ResumeGeneratorApplication - Started ResumeGeneratorApplication in 2.551 seconds (process running for 2.803)
2025-08-06 08:20:15 INFO  o.a.c.c.C.[.[.[/] - Initializing Spring DispatcherServlet 'dispatcherServlet'
2025-08-06 08:20:15 INFO  o.s.w.s.DispatcherServlet - Initializing Servlet 'dispatcherServlet'
2025-08-06 08:20:15 INFO  o.s.w.s.DispatcherServlet - Completed initialization in 0 ms
2025-08-06 08:20:16 WARN  o.s.w.s.m.m.a.ExceptionHandlerExceptionResolver - Resolved [org.springframework.security.authentication.BadCredentialsException: Bad credentials]
2025-08-06 08:26:26 WARN  o.s.w.s.m.m.a.ExceptionHandlerExceptionResolver - Resolved [org.springframework.web.HttpRequestMethodNotSupportedException: Request method 'GET' is not supported]
2025-08-06 08:31:04 INFO  o.s.b.w.e.t.GracefulShutdown - Commencing graceful shutdown. Waiting for active requests to complete
2025-08-06 08:31:04 INFO  o.s.b.w.e.t.GracefulShutdown - Graceful shutdown complete
2025-08-06 08:31:04 INFO  o.s.o.j.LocalContainerEntityManagerFactoryBean - Closing JPA EntityManagerFactory for persistence unit 'default'
2025-08-06 08:31:04 INFO  c.z.h.HikariDataSource - HikariPool-1 - Shutdown initiated...
2025-08-06 08:31:04 INFO  c.z.h.HikariDataSource - HikariPool-1 - Shutdown completed.
2025-08-06 08:31:05 INFO  o.h.v.i.u.Version - HV000001: Hibernate Validator 8.0.2.Final
2025-08-06 08:31:05 INFO  c.e.R.ResumeGeneratorApplication - Starting ResumeGeneratorApplication using Java 23.0.2 with PID 1607 (/Users/deepakn/Desktop/Java/ResumeGeneratorApplication/target/classes started by deepakn in /Users/deepakn/Desktop/Java/ResumeGeneratorApplication)
2025-08-06 08:31:05 DEBUG c.e.R.ResumeGeneratorApplication - Running with Spring Boot v3.5.3, Spring v6.2.8
2025-08-06 08:31:05 INFO  c.e.R.ResumeGeneratorApplication - No active profile set, falling back to 1 default profile: "default"
2025-08-06 08:31:05 INFO  o.s.b.d.e.DevToolsPropertyDefaultsPostProcessor - Devtools property defaults active! Set 'spring.devtools.add-properties' to 'false' to disable
2025-08-06 08:31:05 INFO  o.s.b.d.e.DevToolsPropertyDefaultsPostProcessor - For additional web related logging consider setting the 'logging.level.web' property to 'DEBUG'
2025-08-06 08:31:06 INFO  o.s.d.r.c.RepositoryConfigurationDelegate - Bootstrapping Spring Data JPA repositories in DEFAULT mode.
2025-08-06 08:31:06 INFO  o.s.d.r.c.RepositoryConfigurationDelegate - Finished Spring Data repository scanning in 19 ms. Found 2 JPA repository interfaces.
2025-08-06 08:31:06 INFO  o.s.b.w.e.t.TomcatWebServer - Tomcat initialized with port 8080 (http)
2025-08-06 08:31:06 INFO  o.a.c.h.Http11NioProtocol - Initializing ProtocolHandler ["http-nio-8080"]
2025-08-06 08:31:06 INFO  o.a.c.c.StandardService - Starting service [Tomcat]
2025-08-06 08:31:06 INFO  o.a.c.c.StandardEngine - Starting Servlet engine: [Apache Tomcat/10.1.42]
2025-08-06 08:31:06 INFO  o.a.c.c.C.[.[.[/] - Initializing Spring embedded WebApplicationContext
2025-08-06 08:31:06 INFO  o.s.b.w.s.c.ServletWebServerApplicationContext - Root WebApplicationContext: initialization completed in 930 ms
2025-08-06 08:31:06 INFO  o.h.j.i.u.LogHelper - HHH000204: Processing PersistenceUnitInfo [name: default]
2025-08-06 08:31:06 INFO  o.h.Version - HHH000412: Hibernate ORM core version 6.6.18.Final
2025-08-06 08:31:06 INFO  o.h.c.i.RegionFactoryInitiator - HHH000026: Second-level cache disabled
2025-08-06 08:31:06 INFO  o.h.e.b.i.EnversServiceImpl - Envers integration enabled? : true
2025-08-06 08:31:07 INFO  o.s.o.j.p.SpringPersistenceUnitInfo - No LoadTimeWeaver setup: ignoring JPA class transformer
2025-08-06 08:31:07 INFO  c.z.h.HikariDataSource - HikariPool-1 - Starting...
2025-08-06 08:31:07 INFO  c.z.h.p.HikariPool - HikariPool-1 - Added connection org.postgresql.jdbc.PgConnection@57e19a09
2025-08-06 08:31:07 INFO  c.z.h.HikariDataSource - HikariPool-1 - Start completed.
2025-08-06 08:31:07 INFO  o.h.o.c.pooling - HHH10001005: Database info:
	Database JDBC URL [Connecting through datasource 'HikariDataSource (HikariPool-1)']
	Database driver: undefined/unknown
	Database version: 17.4
	Autocommit mode: undefined/unknown
	Isolation level: undefined/unknown
	Minimum pool size: undefined/unknown
	Maximum pool size: undefined/unknown
2025-08-06 08:31:07 INFO  o.h.e.t.j.p.i.JtaPlatformInitiator - HHH000489: No JTA platform available (set 'hibernate.transaction.jta.platform' to enable JTA platform integration)
2025-08-06 08:31:07 INFO  o.s.o.j.LocalContainerEntityManagerFactoryBean - Initialized JPA EntityManagerFactory for persistence unit 'default'
2025-08-06 08:31:07 WARN  o.s.b.a.o.j.JpaBaseConfiguration$JpaWebConfiguration - spring.jpa.open-in-view is enabled by default. Therefore, database queries may be performed during view rendering. Explicitly configure spring.jpa.open-in-view to disable this warning
2025-08-06 08:31:07 DEBUG c.e.R.s.JwtAuthFilter$$SpringCGLIB$$0 - Filter 'jwtAuthFilter' configured for use
2025-08-06 08:31:07 INFO  o.s.s.c.a.a.c.InitializeUserDetailsBeanManagerConfigurer$InitializeUserDetailsManagerConfigurer - Global AuthenticationManager configured with UserDetailsService bean with name userServiceImpl
2025-08-06 08:31:08 INFO  o.s.b.a.e.w.EndpointLinksResolver - Exposing 4 endpoints beneath base path '/actuator'
2025-08-06 08:31:08 WARN  o.s.s.c.a.w.c.AuthorizeHttpRequestsConfigurer$AuthorizationManagerRequestMatcherRegistry - One of the patterns in [./resume] is missing a leading slash. This is discouraged; please include the leading slash in all your request matcher patterns. In future versions of Spring Security, leaving out the leading slash will result in an exception.
2025-08-06 08:31:08 INFO  o.s.b.d.a.OptionalLiveReloadServer - LiveReload server is running on port 35729
2025-08-06 08:31:08 INFO  o.a.c.h.Http11NioProtocol - Starting ProtocolHandler ["http-nio-8080"]
2025-08-06 08:31:08 INFO  o.s.b.w.e.t.TomcatWebServer - Tomcat started on port 8080 (http) with context path '/'
2025-08-06 08:31:08 INFO  c.e.R.ResumeGeneratorApplication - Started ResumeGeneratorApplication in 2.769 seconds (process running for 3.032)
2025-08-06 08:31:42 INFO  o.a.c.c.C.[.[.[/] - Initializing Spring DispatcherServlet 'dispatcherServlet'
2025-08-06 08:31:42 INFO  o.s.w.s.DispatcherServlet - Initializing Servlet 'dispatcherServlet'
2025-08-06 08:31:42 INFO  o.s.w.s.DispatcherServlet - Completed initialization in 1 ms
2025-08-06 08:32:39 INFO  o.s.b.w.e.t.GracefulShutdown - Commencing graceful shutdown. Waiting for active requests to complete
2025-08-06 08:32:39 INFO  o.s.b.w.e.t.GracefulShutdown - Graceful shutdown complete
2025-08-06 08:32:39 INFO  o.s.o.j.LocalContainerEntityManagerFactoryBean - Closing JPA EntityManagerFactory for persistence unit 'default'
2025-08-06 08:32:39 INFO  c.z.h.HikariDataSource - HikariPool-1 - Shutdown initiated...
2025-08-06 08:32:39 INFO  c.z.h.HikariDataSource - HikariPool-1 - Shutdown completed.
2025-08-06 08:32:41 INFO  o.h.v.i.u.Version - HV000001: Hibernate Validator 8.0.2.Final
2025-08-06 08:32:41 INFO  c.e.R.ResumeGeneratorApplication - Starting ResumeGeneratorApplication using Java 23.0.2 with PID 1655 (/Users/deepakn/Desktop/Java/ResumeGeneratorApplication/target/classes started by deepakn in /Users/deepakn/Desktop/Java/ResumeGeneratorApplication)
2025-08-06 08:32:41 DEBUG c.e.R.ResumeGeneratorApplication - Running with Spring Boot v3.5.3, Spring v6.2.8
2025-08-06 08:32:41 INFO  c.e.R.ResumeGeneratorApplication - No active profile set, falling back to 1 default profile: "default"
2025-08-06 08:32:41 INFO  o.s.b.d.e.DevToolsPropertyDefaultsPostProcessor - Devtools property defaults active! Set 'spring.devtools.add-properties' to 'false' to disable
2025-08-06 08:32:41 INFO  o.s.b.d.e.DevToolsPropertyDefaultsPostProcessor - For additional web related logging consider setting the 'logging.level.web' property to 'DEBUG'
2025-08-06 08:32:41 INFO  o.s.d.r.c.RepositoryConfigurationDelegate - Bootstrapping Spring Data JPA repositories in DEFAULT mode.
2025-08-06 08:32:42 INFO  o.s.d.r.c.RepositoryConfigurationDelegate - Finished Spring Data repository scanning in 17 ms. Found 2 JPA repository interfaces.
2025-08-06 08:32:42 INFO  o.s.b.w.e.t.TomcatWebServer - Tomcat initialized with port 8080 (http)
2025-08-06 08:32:42 INFO  o.a.c.h.Http11NioProtocol - Initializing ProtocolHandler ["http-nio-8080"]
2025-08-06 08:32:42 INFO  o.a.c.c.StandardService - Starting service [Tomcat]
2025-08-06 08:32:42 INFO  o.a.c.c.StandardEngine - Starting Servlet engine: [Apache Tomcat/10.1.42]
2025-08-06 08:32:42 INFO  o.a.c.c.C.[.[.[/] - Initializing Spring embedded WebApplicationContext
2025-08-06 08:32:42 INFO  o.s.b.w.s.c.ServletWebServerApplicationContext - Root WebApplicationContext: initialization completed in 847 ms
2025-08-06 08:32:42 INFO  o.h.j.i.u.LogHelper - HHH000204: Processing PersistenceUnitInfo [name: default]
2025-08-06 08:32:42 INFO  o.h.Version - HHH000412: Hibernate ORM core version 6.6.18.Final
2025-08-06 08:32:42 INFO  o.h.c.i.RegionFactoryInitiator - HHH000026: Second-level cache disabled
2025-08-06 08:32:42 INFO  o.h.e.b.i.EnversServiceImpl - Envers integration enabled? : true
2025-08-06 08:32:42 INFO  o.s.o.j.p.SpringPersistenceUnitInfo - No LoadTimeWeaver setup: ignoring JPA class transformer
2025-08-06 08:32:42 INFO  c.z.h.HikariDataSource - HikariPool-1 - Starting...
2025-08-06 08:32:42 INFO  c.z.h.p.HikariPool - HikariPool-1 - Added connection org.postgresql.jdbc.PgConnection@16afc820
2025-08-06 08:32:42 INFO  c.z.h.HikariDataSource - HikariPool-1 - Start completed.
2025-08-06 08:32:42 INFO  o.h.o.c.pooling - HHH10001005: Database info:
	Database JDBC URL [Connecting through datasource 'HikariDataSource (HikariPool-1)']
	Database driver: undefined/unknown
	Database version: 17.4
	Autocommit mode: undefined/unknown
	Isolation level: undefined/unknown
	Minimum pool size: undefined/unknown
	Maximum pool size: undefined/unknown
2025-08-06 08:32:43 INFO  o.h.e.t.j.p.i.JtaPlatformInitiator - HHH000489: No JTA platform available (set 'hibernate.transaction.jta.platform' to enable JTA platform integration)
2025-08-06 08:32:43 INFO  o.s.o.j.LocalContainerEntityManagerFactoryBean - Initialized JPA EntityManagerFactory for persistence unit 'default'
2025-08-06 08:32:43 WARN  o.s.b.a.o.j.JpaBaseConfiguration$JpaWebConfiguration - spring.jpa.open-in-view is enabled by default. Therefore, database queries may be performed during view rendering. Explicitly configure spring.jpa.open-in-view to disable this warning
2025-08-06 08:32:43 DEBUG c.e.R.s.JwtAuthFilter$$SpringCGLIB$$0 - Filter 'jwtAuthFilter' configured for use
2025-08-06 08:32:43 INFO  o.s.s.c.a.a.c.InitializeUserDetailsBeanManagerConfigurer$InitializeUserDetailsManagerConfigurer - Global AuthenticationManager configured with UserDetailsService bean with name userServiceImpl
2025-08-06 08:32:43 INFO  o.s.b.a.e.w.EndpointLinksResolver - Exposing 4 endpoints beneath base path '/actuator'
2025-08-06 08:32:43 WARN  o.s.s.c.a.w.c.AuthorizeHttpRequestsConfigurer$AuthorizationManagerRequestMatcherRegistry - One of the patterns in [./resume/**] is missing a leading slash. This is discouraged; please include the leading slash in all your request matcher patterns. In future versions of Spring Security, leaving out the leading slash will result in an exception.
2025-08-06 08:32:43 INFO  o.s.b.d.a.OptionalLiveReloadServer - LiveReload server is running on port 35729
2025-08-06 08:32:43 INFO  o.a.c.h.Http11NioProtocol - Starting ProtocolHandler ["http-nio-8080"]
2025-08-06 08:32:43 INFO  o.s.b.w.e.t.TomcatWebServer - Tomcat started on port 8080 (http) with context path '/'
2025-08-06 08:32:43 INFO  c.e.R.ResumeGeneratorApplication - Started ResumeGeneratorApplication in 2.532 seconds (process running for 2.72)
2025-08-06 08:32:49 INFO  o.a.c.c.C.[.[.[/] - Initializing Spring DispatcherServlet 'dispatcherServlet'
2025-08-06 08:32:49 INFO  o.s.w.s.DispatcherServlet - Initializing Servlet 'dispatcherServlet'
2025-08-06 08:32:49 INFO  o.s.w.s.DispatcherServlet - Completed initialization in 1 ms
2025-08-06 08:35:41 INFO  o.s.b.d.a.LocalDevToolsAutoConfiguration$RestartingClassPathChangeChangedEventListener - Restarting due to 1 class path change (0 additions, 0 deletions, 1 modification)
2025-08-06 08:35:41 INFO  o.s.b.w.e.t.GracefulShutdown - Commencing graceful shutdown. Waiting for active requests to complete
2025-08-06 08:35:41 INFO  o.a.c.h.Http11NioProtocol - Pausing ProtocolHandler ["http-nio-8080"]
2025-08-06 08:35:41 INFO  o.s.b.w.e.t.GracefulShutdown - Graceful shutdown complete
2025-08-06 08:35:41 INFO  o.a.c.h.Http11NioProtocol - Stopping ProtocolHandler ["http-nio-8080"]
2025-08-06 08:35:41 INFO  o.s.o.j.LocalContainerEntityManagerFactoryBean - Closing JPA EntityManagerFactory for persistence unit 'default'
2025-08-06 08:35:41 INFO  c.z.h.HikariDataSource - HikariPool-1 - Shutdown initiated...
2025-08-06 08:35:41 INFO  c.z.h.HikariDataSource - HikariPool-1 - Shutdown completed.
2025-08-06 08:35:41 INFO  c.e.R.ResumeGeneratorApplication - Starting ResumeGeneratorApplication using Java 23.0.2 with PID 1655 (/Users/deepakn/Desktop/Java/ResumeGeneratorApplication/target/classes started by deepakn in /Users/deepakn/Desktop/Java/ResumeGeneratorApplication)
2025-08-06 08:35:41 DEBUG c.e.R.ResumeGeneratorApplication - Running with Spring Boot v3.5.3, Spring v6.2.8
2025-08-06 08:35:41 INFO  c.e.R.ResumeGeneratorApplication - No active profile set, falling back to 1 default profile: "default"
2025-08-06 08:35:41 INFO  o.s.d.r.c.RepositoryConfigurationDelegate - Bootstrapping Spring Data JPA repositories in DEFAULT mode.
2025-08-06 08:35:41 INFO  o.s.d.r.c.RepositoryConfigurationDelegate - Finished Spring Data repository scanning in 4 ms. Found 2 JPA repository interfaces.
2025-08-06 08:35:41 INFO  o.s.b.w.e.t.TomcatWebServer - Tomcat initialized with port 8080 (http)
2025-08-06 08:35:41 INFO  o.a.c.h.Http11NioProtocol - Initializing ProtocolHandler ["http-nio-8080"]
2025-08-06 08:35:41 INFO  o.a.c.c.StandardService - Starting service [Tomcat]
2025-08-06 08:35:41 INFO  o.a.c.c.StandardEngine - Starting Servlet engine: [Apache Tomcat/10.1.42]
2025-08-06 08:35:41 INFO  o.a.c.c.C.[.[.[/] - Initializing Spring embedded WebApplicationContext
2025-08-06 08:35:41 INFO  o.s.b.w.s.c.ServletWebServerApplicationContext - Root WebApplicationContext: initialization completed in 126 ms
2025-08-06 08:35:41 INFO  o.h.j.i.u.LogHelper - HHH000204: Processing PersistenceUnitInfo [name: default]
2025-08-06 08:35:41 INFO  o.h.c.i.RegionFactoryInitiator - HHH000026: Second-level cache disabled
2025-08-06 08:35:41 INFO  o.h.e.b.i.EnversServiceImpl - Envers integration enabled? : true
2025-08-06 08:35:41 INFO  o.s.o.j.p.SpringPersistenceUnitInfo - No LoadTimeWeaver setup: ignoring JPA class transformer
2025-08-06 08:35:41 INFO  c.z.h.HikariDataSource - HikariPool-2 - Starting...
2025-08-06 08:35:41 INFO  c.z.h.p.HikariPool - HikariPool-2 - Added connection org.postgresql.jdbc.PgConnection@36a8db99
2025-08-06 08:35:41 INFO  c.z.h.HikariDataSource - HikariPool-2 - Start completed.
2025-08-06 08:35:41 INFO  o.h.o.c.pooling - HHH10001005: Database info:
	Database JDBC URL [Connecting through datasource 'HikariDataSource (HikariPool-2)']
	Database driver: undefined/unknown
	Database version: 17.4
	Autocommit mode: undefined/unknown
	Isolation level: undefined/unknown
	Minimum pool size: undefined/unknown
	Maximum pool size: undefined/unknown
2025-08-06 08:35:41 INFO  o.h.e.t.j.p.i.JtaPlatformInitiator - HHH000489: No JTA platform available (set 'hibernate.transaction.jta.platform' to enable JTA platform integration)
2025-08-06 08:35:41 INFO  o.s.o.j.LocalContainerEntityManagerFactoryBean - Initialized JPA EntityManagerFactory for persistence unit 'default'
2025-08-06 08:35:41 WARN  o.s.b.a.o.j.JpaBaseConfiguration$JpaWebConfiguration - spring.jpa.open-in-view is enabled by default. Therefore, database queries may be performed during view rendering. Explicitly configure spring.jpa.open-in-view to disable this warning
2025-08-06 08:35:41 DEBUG c.e.R.s.JwtAuthFilter$$SpringCGLIB$$0 - Filter 'jwtAuthFilter' configured for use
2025-08-06 08:35:41 INFO  o.s.s.c.a.a.c.InitializeUserDetailsBeanManagerConfigurer$InitializeUserDetailsManagerConfigurer - Global AuthenticationManager configured with UserDetailsService bean with name userServiceImpl
2025-08-06 08:35:41 INFO  o.s.b.a.e.w.EndpointLinksResolver - Exposing 4 endpoints beneath base path '/actuator'
2025-08-06 08:35:41 INFO  o.s.b.d.a.OptionalLiveReloadServer - LiveReload server is running on port 35729
2025-08-06 08:35:41 INFO  o.a.c.h.Http11NioProtocol - Starting ProtocolHandler ["http-nio-8080"]
2025-08-06 08:35:41 INFO  o.s.b.w.e.t.TomcatWebServer - Tomcat started on port 8080 (http) with context path '/'
2025-08-06 08:35:41 INFO  c.e.R.ResumeGeneratorApplication - Started ResumeGeneratorApplication in 0.505 seconds (process running for 180.739)
2025-08-06 08:35:41 INFO  o.s.b.d.a.ConditionEvaluationDeltaLoggingListener - Condition evaluation unchanged
2025-08-06 08:36:13 INFO  o.a.c.c.C.[.[.[/] - Initializing Spring DispatcherServlet 'dispatcherServlet'
2025-08-06 08:36:13 INFO  o.s.w.s.DispatcherServlet - Initializing Servlet 'dispatcherServlet'
2025-08-06 08:36:13 INFO  o.s.w.s.DispatcherServlet - Completed initialization in 2 ms
2025-08-06 08:36:30 WARN  c.z.h.p.HikariPool - HikariPool-2 - Thread starvation or clock leap detected (housekeeper delta=49s379ms).
2025-08-06 08:37:31 INFO  o.s.b.w.e.t.GracefulShutdown - Commencing graceful shutdown. Waiting for active requests to complete
2025-08-06 08:37:31 INFO  o.s.b.w.e.t.GracefulShutdown - Graceful shutdown complete
2025-08-06 08:37:31 INFO  o.s.o.j.LocalContainerEntityManagerFactoryBean - Closing JPA EntityManagerFactory for persistence unit 'default'
2025-08-06 08:37:31 INFO  c.z.h.HikariDataSource - HikariPool-2 - Shutdown initiated...
2025-08-06 08:37:31 INFO  c.z.h.HikariDataSource - HikariPool-2 - Shutdown completed.
2025-08-06 09:05:02 INFO  o.h.v.i.u.Version - HV000001: Hibernate Validator 8.0.2.Final
2025-08-06 09:05:02 INFO  c.e.R.ResumeGeneratorApplication - Starting ResumeGeneratorApplication using Java 23.0.2 with PID 1839 (/Users/deepakn/Desktop/Java/ResumeGeneratorApplication/target/classes started by deepakn in /Users/deepakn/Desktop/Java/ResumeGeneratorApplication)
2025-08-06 09:05:02 DEBUG c.e.R.ResumeGeneratorApplication - Running with Spring Boot v3.5.3, Spring v6.2.8
2025-08-06 09:05:02 INFO  c.e.R.ResumeGeneratorApplication - No active profile set, falling back to 1 default profile: "default"
2025-08-06 09:05:02 INFO  o.s.b.d.e.DevToolsPropertyDefaultsPostProcessor - Devtools property defaults active! Set 'spring.devtools.add-properties' to 'false' to disable
2025-08-06 09:05:02 INFO  o.s.b.d.e.DevToolsPropertyDefaultsPostProcessor - For additional web related logging consider setting the 'logging.level.web' property to 'DEBUG'
2025-08-06 09:05:02 INFO  o.s.d.r.c.RepositoryConfigurationDelegate - Bootstrapping Spring Data JPA repositories in DEFAULT mode.
2025-08-06 09:05:02 INFO  o.s.d.r.c.RepositoryConfigurationDelegate - Finished Spring Data repository scanning in 16 ms. Found 2 JPA repository interfaces.
2025-08-06 09:05:02 INFO  o.s.b.w.e.t.TomcatWebServer - Tomcat initialized with port 8080 (http)
2025-08-06 09:05:02 INFO  o.a.c.h.Http11NioProtocol - Initializing ProtocolHandler ["http-nio-8080"]
2025-08-06 09:05:02 INFO  o.a.c.c.StandardService - Starting service [Tomcat]
2025-08-06 09:05:02 INFO  o.a.c.c.StandardEngine - Starting Servlet engine: [Apache Tomcat/10.1.42]
2025-08-06 09:05:02 INFO  o.a.c.c.C.[.[.[/] - Initializing Spring embedded WebApplicationContext
2025-08-06 09:05:02 INFO  o.s.b.w.s.c.ServletWebServerApplicationContext - Root WebApplicationContext: initialization completed in 727 ms
2025-08-06 09:05:02 INFO  o.h.j.i.u.LogHelper - HHH000204: Processing PersistenceUnitInfo [name: default]
2025-08-06 09:05:02 INFO  o.h.Version - HHH000412: Hibernate ORM core version 6.6.18.Final
2025-08-06 09:05:02 INFO  o.h.c.i.RegionFactoryInitiator - HHH000026: Second-level cache disabled
2025-08-06 09:05:02 INFO  o.h.e.b.i.EnversServiceImpl - Envers integration enabled? : true
2025-08-06 09:05:03 INFO  o.s.o.j.p.SpringPersistenceUnitInfo - No LoadTimeWeaver setup: ignoring JPA class transformer
2025-08-06 09:05:03 INFO  c.z.h.HikariDataSource - HikariPool-1 - Starting...
2025-08-06 09:05:03 INFO  c.z.h.p.HikariPool - HikariPool-1 - Added connection org.postgresql.jdbc.PgConnection@68f517d7
2025-08-06 09:05:03 INFO  c.z.h.HikariDataSource - HikariPool-1 - Start completed.
2025-08-06 09:05:03 INFO  o.h.o.c.pooling - HHH10001005: Database info:
	Database JDBC URL [Connecting through datasource 'HikariDataSource (HikariPool-1)']
	Database driver: undefined/unknown
	Database version: 17.4
	Autocommit mode: undefined/unknown
	Isolation level: undefined/unknown
	Minimum pool size: undefined/unknown
	Maximum pool size: undefined/unknown
2025-08-06 09:05:03 INFO  o.h.e.t.j.p.i.JtaPlatformInitiator - HHH000489: No JTA platform available (set 'hibernate.transaction.jta.platform' to enable JTA platform integration)
2025-08-06 09:05:03 INFO  o.s.o.j.LocalContainerEntityManagerFactoryBean - Initialized JPA EntityManagerFactory for persistence unit 'default'
2025-08-06 09:05:03 WARN  o.s.b.a.o.j.JpaBaseConfiguration$JpaWebConfiguration - spring.jpa.open-in-view is enabled by default. Therefore, database queries may be performed during view rendering. Explicitly configure spring.jpa.open-in-view to disable this warning
2025-08-06 09:05:03 DEBUG c.e.R.s.JwtAuthFilter$$SpringCGLIB$$0 - Filter 'jwtAuthFilter' configured for use
2025-08-06 09:05:03 INFO  o.s.s.c.a.a.c.InitializeUserDetailsBeanManagerConfigurer$InitializeUserDetailsManagerConfigurer - Global AuthenticationManager configured with UserDetailsService bean with name userServiceImpl
2025-08-06 09:05:03 INFO  o.s.b.a.e.w.EndpointLinksResolver - Exposing 4 endpoints beneath base path '/actuator'
2025-08-06 09:05:04 INFO  o.s.b.d.a.OptionalLiveReloadServer - LiveReload server is running on port 35729
2025-08-06 09:05:04 INFO  o.a.c.h.Http11NioProtocol - Starting ProtocolHandler ["http-nio-8080"]
2025-08-06 09:05:04 INFO  o.s.b.w.e.t.TomcatWebServer - Tomcat started on port 8080 (http) with context path '/'
2025-08-06 09:05:04 INFO  c.e.R.ResumeGeneratorApplication - Started ResumeGeneratorApplication in 2.282 seconds (process running for 2.512)
2025-08-06 09:05:08 INFO  o.a.c.c.C.[.[.[/] - Initializing Spring DispatcherServlet 'dispatcherServlet'
2025-08-06 09:05:08 INFO  o.s.w.s.DispatcherServlet - Initializing Servlet 'dispatcherServlet'
2025-08-06 09:05:08 INFO  o.s.w.s.DispatcherServlet - Completed initialization in 1 ms
2025-08-06 09:05:22 WARN  o.s.w.s.m.m.a.ExceptionHandlerExceptionResolver - Resolved [org.springframework.security.authentication.BadCredentialsException: Cannot Sign up, User already exists with emaildee1@gmail.com]
2025-08-06 09:11:51 INFO  o.s.b.w.e.t.GracefulShutdown - Commencing graceful shutdown. Waiting for active requests to complete
2025-08-06 09:11:51 INFO  o.s.b.w.e.t.GracefulShutdown - Graceful shutdown complete
2025-08-06 09:11:51 INFO  o.s.o.j.LocalContainerEntityManagerFactoryBean - Closing JPA EntityManagerFactory for persistence unit 'default'
2025-08-06 09:11:51 INFO  c.z.h.HikariDataSource - HikariPool-1 - Shutdown initiated...
2025-08-06 09:11:51 INFO  c.z.h.HikariDataSource - HikariPool-1 - Shutdown completed.
2025-08-06 09:11:52 INFO  o.h.v.i.u.Version - HV000001: Hibernate Validator 8.0.2.Final
2025-08-06 09:11:52 INFO  c.e.R.ResumeGeneratorApplication - Starting ResumeGeneratorApplication using Java 23.0.2 with PID 1960 (/Users/deepakn/Desktop/Java/ResumeGeneratorApplication/target/classes started by deepakn in /Users/deepakn/Desktop/Java/ResumeGeneratorApplication)
2025-08-06 09:11:52 DEBUG c.e.R.ResumeGeneratorApplication - Running with Spring Boot v3.5.3, Spring v6.2.8
2025-08-06 09:11:52 INFO  c.e.R.ResumeGeneratorApplication - No active profile set, falling back to 1 default profile: "default"
2025-08-06 09:11:52 INFO  o.s.b.d.e.DevToolsPropertyDefaultsPostProcessor - Devtools property defaults active! Set 'spring.devtools.add-properties' to 'false' to disable
2025-08-06 09:11:52 INFO  o.s.b.d.e.DevToolsPropertyDefaultsPostProcessor - For additional web related logging consider setting the 'logging.level.web' property to 'DEBUG'
2025-08-06 09:11:53 INFO  o.s.d.r.c.RepositoryConfigurationDelegate - Bootstrapping Spring Data JPA repositories in DEFAULT mode.
2025-08-06 09:11:53 INFO  o.s.d.r.c.RepositoryConfigurationDelegate - Finished Spring Data repository scanning in 23 ms. Found 2 JPA repository interfaces.
2025-08-06 09:11:53 INFO  o.s.b.w.e.t.TomcatWebServer - Tomcat initialized with port 8080 (http)
2025-08-06 09:11:53 INFO  o.a.c.h.Http11NioProtocol - Initializing ProtocolHandler ["http-nio-8080"]
2025-08-06 09:11:53 INFO  o.a.c.c.StandardService - Starting service [Tomcat]
2025-08-06 09:11:53 INFO  o.a.c.c.StandardEngine - Starting Servlet engine: [Apache Tomcat/10.1.42]
2025-08-06 09:11:53 INFO  o.a.c.c.C.[.[.[/] - Initializing Spring embedded WebApplicationContext
2025-08-06 09:11:53 INFO  o.s.b.w.s.c.ServletWebServerApplicationContext - Root WebApplicationContext: initialization completed in 851 ms
2025-08-06 09:11:53 INFO  o.h.j.i.u.LogHelper - HHH000204: Processing PersistenceUnitInfo [name: default]
2025-08-06 09:11:53 INFO  o.h.Version - HHH000412: Hibernate ORM core version 6.6.18.Final
2025-08-06 09:11:53 INFO  o.h.c.i.RegionFactoryInitiator - HHH000026: Second-level cache disabled
2025-08-06 09:11:53 INFO  o.h.e.b.i.EnversServiceImpl - Envers integration enabled? : true
2025-08-06 09:11:53 INFO  o.s.o.j.p.SpringPersistenceUnitInfo - No LoadTimeWeaver setup: ignoring JPA class transformer
2025-08-06 09:11:53 INFO  c.z.h.HikariDataSource - HikariPool-1 - Starting...
2025-08-06 09:11:53 INFO  c.z.h.p.HikariPool - HikariPool-1 - Added connection org.postgresql.jdbc.PgConnection@215f01f2
2025-08-06 09:11:53 INFO  c.z.h.HikariDataSource - HikariPool-1 - Start completed.
2025-08-06 09:11:53 INFO  o.h.o.c.pooling - HHH10001005: Database info:
	Database JDBC URL [Connecting through datasource 'HikariDataSource (HikariPool-1)']
	Database driver: undefined/unknown
	Database version: 17.4
	Autocommit mode: undefined/unknown
	Isolation level: undefined/unknown
	Minimum pool size: undefined/unknown
	Maximum pool size: undefined/unknown
2025-08-06 09:11:54 INFO  o.h.e.t.j.p.i.JtaPlatformInitiator - HHH000489: No JTA platform available (set 'hibernate.transaction.jta.platform' to enable JTA platform integration)
2025-08-06 09:11:54 INFO  o.s.o.j.LocalContainerEntityManagerFactoryBean - Initialized JPA EntityManagerFactory for persistence unit 'default'
2025-08-06 09:11:54 WARN  o.s.b.a.o.j.JpaBaseConfiguration$JpaWebConfiguration - spring.jpa.open-in-view is enabled by default. Therefore, database queries may be performed during view rendering. Explicitly configure spring.jpa.open-in-view to disable this warning
2025-08-06 09:11:54 DEBUG c.e.R.s.JwtAuthFilter$$SpringCGLIB$$0 - Filter 'jwtAuthFilter' configured for use
2025-08-06 09:11:54 INFO  o.s.s.c.a.a.c.InitializeUserDetailsBeanManagerConfigurer$InitializeUserDetailsManagerConfigurer - Global AuthenticationManager configured with UserDetailsService bean with name userServiceImpl
2025-08-06 09:11:54 INFO  o.s.b.a.e.w.EndpointLinksResolver - Exposing 4 endpoints beneath base path '/actuator'
2025-08-06 09:11:55 INFO  o.s.b.d.a.OptionalLiveReloadServer - LiveReload server is running on port 35729
2025-08-06 09:11:55 INFO  o.a.c.h.Http11NioProtocol - Starting ProtocolHandler ["http-nio-8080"]
2025-08-06 09:11:55 INFO  o.s.b.w.e.t.TomcatWebServer - Tomcat started on port 8080 (http) with context path '/'
2025-08-06 09:11:55 INFO  c.e.R.ResumeGeneratorApplication - Started ResumeGeneratorApplication in 2.655 seconds (process running for 2.859)
2025-08-06 09:11:58 INFO  o.a.c.c.C.[.[.[/] - Initializing Spring DispatcherServlet 'dispatcherServlet'
2025-08-06 09:11:58 INFO  o.s.w.s.DispatcherServlet - Initializing Servlet 'dispatcherServlet'
2025-08-06 09:11:58 INFO  o.s.w.s.DispatcherServlet - Completed initialization in 1 ms
2025-08-06 09:11:58 WARN  o.s.w.s.m.m.a.ExceptionHandlerExceptionResolver - Resolved [io.jsonwebtoken.ExpiredJwtException: JWT expired 324521 milliseconds ago at 2025-08-06T03:36:34.000Z. Current time: 2025-08-06T03:41:58.521Z. Allowed clock skew: 0 milliseconds.]
2025-08-06 09:12:17 INFO  c.e.R.c.ResumeController - Fetching all resumes
2025-08-06 09:12:17 INFO  c.e.R.s.ResumeServiceImpl - Fetching all resumes
2025-08-06 09:37:06 INFO  o.s.b.w.e.t.GracefulShutdown - Commencing graceful shutdown. Waiting for active requests to complete
2025-08-06 09:37:06 INFO  o.s.b.w.e.t.GracefulShutdown - Graceful shutdown complete
2025-08-06 09:37:07 INFO  o.s.o.j.LocalContainerEntityManagerFactoryBean - Closing JPA EntityManagerFactory for persistence unit 'default'
2025-08-06 09:37:07 INFO  c.z.h.HikariDataSource - HikariPool-1 - Shutdown initiated...
2025-08-06 09:37:07 INFO  c.z.h.HikariDataSource - HikariPool-1 - Shutdown completed.
